#
# There is insufficient memory for the Java Runtime Environment to continue.
# Native memory allocation (mmap) failed to map 65536 bytes for Failed to commit metaspace.
# Possible reasons:
#   The system is out of physical RAM or swap space
#   The process is running with CompressedOops enabled, and the Java Heap may be blocking the growth of the native heap
# Possible solutions:
#   Reduce memory load on the system
#   Increase physical memory or swap space
#   Check if swap backing store is full
#   Decrease Java heap size (-Xmx/-Xms)
#   Decrease number of Java threads
#   Decrease Java thread stack sizes (-Xss)
#   Set larger code cache with -XX:ReservedCodeCacheSize=
#   JVM is running with Unscaled Compressed Oops mode in which the Java heap is
#     placed in the first 4GB address space. The Java Heap base address is the
#     maximum limit for the native heap growth. Please use -XX:HeapBaseMinAddress
#     to set the Java Heap base and to place the Java Heap above 4GB virtual address.
# This output file may be truncated or incomplete.
#
#  Out of Memory Error (virtualSpaceNode.cpp:110), pid=19048, tid=10244
#
# JRE version: OpenJDK Runtime Environment JBR-17.0.10+1-1087.17-jcef (17.0.10+1) (build 17.0.10+1-b1087.17)
# Java VM: OpenJDK 64-Bit Server VM JBR-17.0.10+1-1087.17-jcef (17.0.10+1-b1087.17, mixed mode, tiered, compressed oops, compressed class ptrs, g1 gc, windows-amd64)
# No core dump will be written. Minidumps are not enabled by default on client versions of Windows
#

---------------  S U M M A R Y ------------

Command Line: git4idea.http.GitAskPassApp Username for 'https://github.com': 

Host: Intel(R) Celeron(R) N4120 CPU @ 1.10GHz, 4 cores, 3G,  Windows 11 , 64 bit Build 22621 (10.0.22621.2215)
Time: Tue Mar 12 19:32:37 2024 Eastern Daylight Time elapsed time: 2.760066 seconds (0d 0h 0m 2s)

---------------  T H R E A D  ---------------

Current thread (0x0000024b3d1872b0):  JavaThread "HttpClient-1-Worker-0" daemon [_thread_in_vm, id=10244, stack(0x0000005013e00000,0x0000005013f00000)]

Stack: [0x0000005013e00000,0x0000005013f00000]
Native frames: (J=compiled Java code, j=interpreted, Vv=VM code, C=native code)
V  [jvm.dll+0x688ac9]
V  [jvm.dll+0x84220a]
V  [jvm.dll+0x843e4e]
V  [jvm.dll+0x8444b3]
V  [jvm.dll+0x24ba8f]
V  [jvm.dll+0x83d1eb]
V  [jvm.dll+0x62d0e6]
V  [jvm.dll+0x62d14a]
V  [jvm.dll+0x62f97a]
V  [jvm.dll+0x62da86]
V  [jvm.dll+0x23f74f]
V  [jvm.dll+0x637935]
V  [jvm.dll+0x1eea1b]
V  [jvm.dll+0x1eef55]
V  [jvm.dll+0x1ef8f5]
V  [jvm.dll+0x1e4d8c]
V  [jvm.dll+0x54d98c]
V  [jvm.dll+0x1f592b]
V  [jvm.dll+0x7ba9bb]
V  [jvm.dll+0x7bbe2c]
V  [jvm.dll+0x7bc6a3]
V  [jvm.dll+0x1efd64]
V  [jvm.dll+0x1e4da5]
V  [jvm.dll+0x54d98c]
V  [jvm.dll+0x1f592b]
V  [jvm.dll+0x7ba9bb]
V  [jvm.dll+0x7bbe2c]
V  [jvm.dll+0x7bc178]
V  [jvm.dll+0x2434ee]
V  [jvm.dll+0x387aee]
C  0x0000024b2b7eb1d8

The last pc belongs to new (printed below).
Java frames: (J=compiled Java code, j=interpreted, Vv=VM code)
j  sun.security.ssl.TransportContext.kickstart()V+176 java.base@17.0.10
j  sun.security.ssl.SSLEngineImpl.writeRecord([Ljava/nio/ByteBuffer;II[Ljava/nio/ByteBuffer;II)Ljavax/net/ssl/SSLEngineResult;+117 java.base@17.0.10
j  sun.security.ssl.SSLEngineImpl.wrap([Ljava/nio/ByteBuffer;II[Ljava/nio/ByteBuffer;II)Ljavax/net/ssl/SSLEngineResult;+53 java.base@17.0.10
j  sun.security.ssl.SSLEngineImpl.wrap([Ljava/nio/ByteBuffer;IILjava/nio/ByteBuffer;)Ljavax/net/ssl/SSLEngineResult;+15 java.base@17.0.10
j  javax.net.ssl.SSLEngine.wrap([Ljava/nio/ByteBuffer;Ljava/nio/ByteBuffer;)Ljavax/net/ssl/SSLEngineResult;+20 java.base@17.0.10
j  jdk.internal.net.http.common.SSLFlowDelegate$Writer.wrapBuffers([Ljava/nio/ByteBuffer;)Ljdk/internal/net/http/common/SSLFlowDelegate$EngineResult;+131 java.net.http@17.0.10
j  jdk.internal.net.http.common.SSLFlowDelegate$Writer.processData()V+90 java.net.http@17.0.10
j  jdk.internal.net.http.common.SSLFlowDelegate$Writer$WriterDownstreamPusher.run()V+4 java.net.http@17.0.10
j  jdk.internal.net.http.common.SequentialScheduler$CompleteRestartableTask.run(Ljdk/internal/net/http/common/SequentialScheduler$DeferredCompleter;)V+1 java.net.http@17.0.10
j  jdk.internal.net.http.common.SequentialScheduler$SchedulableTask.run()V+14 java.net.http@17.0.10
j  jdk.internal.net.http.common.SequentialScheduler.runOrSchedule(Ljdk/internal/net/http/common/SequentialScheduler$SchedulableTask;Ljava/util/concurrent/Executor;)V+86 java.net.http@17.0.10
j  jdk.internal.net.http.common.SequentialScheduler.runOrSchedule()V+6 java.net.http@17.0.10
j  jdk.internal.net.http.common.SSLFlowDelegate$Writer.incoming(Ljava/util/List;Z)V+155 java.net.http@17.0.10
j  jdk.internal.net.http.common.SubscriberWrapper.incomingCaller(Ljava/util/List;Z)V+3 java.net.http@17.0.10
j  jdk.internal.net.http.common.SubscriberWrapper.addData(Ljava/nio/ByteBuffer;)V+24 java.net.http@17.0.10
j  jdk.internal.net.http.common.SSLFlowDelegate$Writer.onSubscribe()V+27 java.net.http@17.0.10
j  jdk.internal.net.http.common.SubscriberWrapper.onSubscribe(Ljava/util/concurrent/Flow$Subscription;)V+78 java.net.http@17.0.10
j  jdk.internal.net.http.common.SSLTube$SSLTubeFlowDelegate.connect(Ljava/util/concurrent/Flow$Subscriber;Ljava/util/concurrent/Flow$Subscriber;)V+95 java.net.http@17.0.10
j  jdk.internal.net.http.common.SSLFlowDelegate.<init>(Ljavax/net/ssl/SSLEngine;Ljava/util/concurrent/Executor;Ljava/util/function/Consumer;Ljava/util/concurrent/Flow$Subscriber;Ljava/util/concurrent/Flow$Subscriber;)V+243 java.net.http@17.0.10
j  jdk.internal.net.http.common.SSLTube$SSLTubeFlowDelegate.<init>(Ljdk/internal/net/http/common/SSLTube;Ljavax/net/ssl/SSLEngine;Ljava/util/concurrent/Executor;Ljava/util/function/Consumer;Ljdk/internal/net/http/common/SSLTube$SSLSubscriberWrapper;Ljdk/internal/net/http/common/FlowTube;)V+14 java.net.http@17.0.10
j  jdk.internal.net.http.common.SSLTube.<init>(Ljavax/net/ssl/SSLEngine;Ljava/util/concurrent/Executor;Ljava/util/function/Consumer;Ljdk/internal/net/http/common/FlowTube;)V+97 java.net.http@17.0.10
j  jdk.internal.net.http.AsyncSSLConnection.lambda$connectAsync$0(Ljava/lang/Void;)Ljava/lang/Void;+40 java.net.http@17.0.10
j  jdk.internal.net.http.AsyncSSLConnection$$Lambda$108+0x00000001001230d0.apply(Ljava/lang/Object;)Ljava/lang/Object;+8 java.net.http@17.0.10
j  java.util.concurrent.CompletableFuture$UniApply.tryFire(I)Ljava/util/concurrent/CompletableFuture;+106 java.base@17.0.10
j  java.util.concurrent.CompletableFuture.postComplete()V+76 java.base@17.0.10
j  java.util.concurrent.CompletableFuture$AsyncSupply.run()V+57 java.base@17.0.10
j  java.util.concurrent.ThreadPoolExecutor.runWorker(Ljava/util/concurrent/ThreadPoolExecutor$Worker;)V+92 java.base@17.0.10
j  java.util.concurrent.ThreadPoolExecutor$Worker.run()V+5 java.base@17.0.10
j  java.lang.Thread.run()V+11 java.base@17.0.10
v  ~StubRoutines::call_stub
new  187 new  [0x0000024b2b7eb040, 0x0000024b2b7eb260]  544 bytes
[MachCode]
  0x0000024b2b7eb040: 4883 ec08 | f30f 1104 | 24eb 1f48 | 83ec 10f2 | 0f11 0424 | eb14 4883 | ec10 4889 | 0424 48c7 
  0x0000024b2b7eb060: 4424 0800 | 0000 00eb | 0150 410f | b755 010f | cac1 ea10 | 488b 4de8 | 488b 4908 | 488b 4908 
  0x0000024b2b7eb080: 488b 4108 | 807c 1004 | 070f 85d6 | 0000 0066 | 8b54 d148 | 488b 4928 | 488b 4cd1 | 0851 80b9 
  0x0000024b2b7eb0a0: 5b01 0000 | 040f 85b9 | 0000 008b | 5108 f7c2 | 0100 0000 | 0f85 aa00 | 0000 498b | 8708 0100 
  0x0000024b2b7eb0c0: 0048 8d1c | 1049 3b9f | 1801 0000 | 0f87 9200 | 0000 4989 | 9f08 0100 | 00e9 0000 | 0000 4883 
  0x0000024b2b7eb0e0: ea10 0f84 | 0f00 0000 | 33c9 c1ea | 0348 894c | d008 48ff | ca75 f648 | c700 0100 | 0000 5933 
  0x0000024b2b7eb100: f689 700c | 48c1 e903 | 8948 0849 | ba89 39db | 0aff 7f00 | 0041 803a | 000f 8440 | 0000 0050 
  0x0000024b2b7eb120: 488b c848 | 83ec 20f7 | c40f 0000 | 000f 841a | 0000 0048 | 83ec 0849 | ba90 f190 | 0aff 7f00 
  0x0000024b2b7eb140: 0041 ffd2 | 4883 c408 | e90d 0000 | 0049 ba90 | f190 0aff | 7f00 0041 | ffd2 4883 | c420 58e9 
  0x0000024b2b7eb160: c700 0000 | 5948 8b55 | e848 8b52 | 0848 8b52 | 0845 0fb7 | 4501 410f | c841 c1e8 | 10e8 0500 
  0x0000024b2b7eb180: 0000 e9a4 | 0000 0048 | 8d44 2408 | 4c89 6dc0 | 498b cf49 | 89af a802 | 0000 4989 | 8798 0200 
  0x0000024b2b7eb1a0: 0048 83ec | 20f7 c40f | 0000 000f | 841a 0000 | 0048 83ec | 0849 baa0 | 7a5a 0aff | 7f00 0041 
  0x0000024b2b7eb1c0: ffd2 4883 | c408 e90d | 0000 0049 | baa0 7a5a | 0aff 7f00 | 0041 ffd2 | 4883 c420 | 49c7 8798 
  0x0000024b2b7eb1e0: 0200 0000 | 0000 0049 | c787 a802 | 0000 0000 | 0000 49c7 | 87a0 0200 | 0000 0000 | 0049 817f 
  0x0000024b2b7eb200: 0800 0000 | 000f 8405 | 0000 00e9 | f05c feff | 498b 87f0 | 0200 0049 | c787 f002 | 0000 0000 
  0x0000024b2b7eb220: 0000 4c8b | 6dc0 4c8b | 75c8 c341 | 0fb6 5d03 | 4983 c503 | 49ba 80a6 | dd0a ff7f | 0000 41ff 
  0x0000024b2b7eb240: 24da 660f | 1f44 0000 | 0000 0000 | 0000 0000 | 0000 0000 | 0000 0000 | 0000 0000 | 0000 0000 
[/MachCode]

---------------  P R O C E S S  ---------------

Threads class SMR info:
_java_thread_list=0x0000024b3d1b74f0, length=14, elements={
0x0000024b1f345a00, 0x0000024b38311530, 0x0000024b383137c0, 0x0000024b38332c30,
0x0000024b38334800, 0x0000024b383351c0, 0x0000024b38377130, 0x0000024b38377d30,
0x0000024b3837cb50, 0x0000024b38399030, 0x0000024b38730420, 0x0000024b38754bc0,
0x0000024b3d181a00, 0x0000024b3d1872b0
}

Java Threads: ( => current thread )
  0x0000024b1f345a00 JavaThread "main" [_thread_blocked, id=10828, stack(0x0000005012900000,0x0000005012a00000)]
  0x0000024b38311530 JavaThread "Reference Handler" daemon [_thread_blocked, id=14564, stack(0x0000005013000000,0x0000005013100000)]
  0x0000024b383137c0 JavaThread "Finalizer" daemon [_thread_blocked, id=16368, stack(0x0000005013100000,0x0000005013200000)]
  0x0000024b38332c30 JavaThread "Signal Dispatcher" daemon [_thread_blocked, id=5660, stack(0x0000005013200000,0x0000005013300000)]
  0x0000024b38334800 JavaThread "Attach Listener" daemon [_thread_blocked, id=14392, stack(0x0000005013300000,0x0000005013400000)]
  0x0000024b383351c0 JavaThread "Service Thread" daemon [_thread_blocked, id=728, stack(0x0000005013400000,0x0000005013500000)]
  0x0000024b38377130 JavaThread "Monitor Deflation Thread" daemon [_thread_blocked, id=17960, stack(0x0000005013500000,0x0000005013600000)]
  0x0000024b38377d30 JavaThread "C2 CompilerThread0" daemon [_thread_blocked, id=2228, stack(0x0000005013600000,0x0000005013700000)]
  0x0000024b3837cb50 JavaThread "C1 CompilerThread0" daemon [_thread_in_vm, id=15788, stack(0x0000005013700000,0x0000005013800000)]
  0x0000024b38399030 JavaThread "Sweeper thread" daemon [_thread_blocked, id=5784, stack(0x0000005013800000,0x0000005013900000)]
  0x0000024b38730420 JavaThread "Notification Thread" daemon [_thread_blocked, id=6496, stack(0x0000005013900000,0x0000005013a00000)]
  0x0000024b38754bc0 JavaThread "Common-Cleaner" daemon [_thread_blocked, id=12284, stack(0x0000005013b00000,0x0000005013c00000)]
  0x0000024b3d181a00 JavaThread "HttpClient-1-SelectorManager" daemon [_thread_in_vm, id=9108, stack(0x0000005013c00000,0x0000005013d00000)]
=>0x0000024b3d1872b0 JavaThread "HttpClient-1-Worker-0" daemon [_thread_in_vm, id=10244, stack(0x0000005013e00000,0x0000005013f00000)]

Other Threads:
  0x0000024b3830b800 VMThread "VM Thread" [stack: 0x0000005012f00000,0x0000005013000000] [id=13000] _threads_hazard_ptr=0x0000024b3d1b74f0
  0x0000024b38750910 WatcherThread [stack: 0x0000005013a00000,0x0000005013b00000] [id=16108]
  0x0000024b1f383490 GCTaskThread "GC Thread#0" [stack: 0x0000005012a00000,0x0000005012b00000] [id=968]
  0x0000024b1f38be20 ConcurrentGCThread "G1 Main Marker" [stack: 0x0000005012b00000,0x0000005012c00000] [id=18152]
  0x0000024b1f38cfe0 ConcurrentGCThread "G1 Conc#0" [stack: 0x0000005012c00000,0x0000005012d00000] [id=19036]
  0x0000024b1f3cb260 ConcurrentGCThread "G1 Refine#0" [stack: 0x0000005012d00000,0x0000005012e00000] [id=16280]
  0x0000024b1f3cbc90 ConcurrentGCThread "G1 Service" [stack: 0x0000005012e00000,0x0000005012f00000] [id=10252]

Threads with active compile tasks:
C1 CompilerThread0     2961  875       3       java.lang.invoke.DirectMethodHandle::preparedLambdaForm (244 bytes)

VM state: synchronizing (normal execution)

VM Mutex/Monitor currently owned by a thread:  ([mutex/lock_event])
[0x0000024b1f340400] Metaspace_lock - owner thread: 0x0000024b3d1872b0
[0x0000024b1f340c70] Threads_lock - owner thread: 0x0000024b3830b800
[0x0000024b1f344890] MethodData_lock - owner thread: 0x0000024b3837cb50

Heap address: 0x00000000c2e00000, size: 978 MB, Compressed Oops mode: 32-bit

CDS archive(s) not mapped
Compressed class space mapped at: 0x0000000100000000-0x0000000140000000, reserved size: 1073741824
Narrow klass base: 0x0000000000000000, Narrow klass shift: 3, Narrow klass range: 0x140000000

GC Precious Log:
 CPUs: 4 total, 4 available
 Memory: 3911M
 Large Page Support: Disabled
 NUMA Support: Disabled
 Compressed Oops: Enabled (32-bit)
 Heap Region Size: 1M
 Heap Min Capacity: 8M
 Heap Initial Capacity: 62M
 Heap Max Capacity: 978M
 Pre-touch: Disabled
 Parallel Workers: 4
 Concurrent Workers: 1
 Concurrent Refinement Workers: 4
 Periodic GC: Disabled

Heap:
 garbage-first heap   total 63488K, used 9216K [0x00000000c2e00000, 0x0000000100000000)
  region size 1024K, 11 young (11264K), 0 survivors (0K)
 Metaspace       used 14156K, committed 14272K, reserved 1114112K
  class space    used 1430K, committed 1472K, reserved 1048576K

Heap Regions: E=young(eden), S=young(survivor), O=old, HS=humongous(starts), HC=humongous(continues), CS=collection set, F=free, OA=open archive, CA=closed archive, TAMS=top-at-mark-start (previous, next)
|   0|0x00000000c2e00000, 0x00000000c2e00000, 0x00000000c2f00000|  0%| F|  |TAMS 0x00000000c2e00000, 0x00000000c2e00000| Untracked 
|   1|0x00000000c2f00000, 0x00000000c2f00000, 0x00000000c3000000|  0%| F|  |TAMS 0x00000000c2f00000, 0x00000000c2f00000| Untracked 
|   2|0x00000000c3000000, 0x00000000c3000000, 0x00000000c3100000|  0%| F|  |TAMS 0x00000000c3000000, 0x00000000c3000000| Untracked 
|   3|0x00000000c3100000, 0x00000000c3100000, 0x00000000c3200000|  0%| F|  |TAMS 0x00000000c3100000, 0x00000000c3100000| Untracked 
|   4|0x00000000c3200000, 0x00000000c3200000, 0x00000000c3300000|  0%| F|  |TAMS 0x00000000c3200000, 0x00000000c3200000| Untracked 
|   5|0x00000000c3300000, 0x00000000c3300000, 0x00000000c3400000|  0%| F|  |TAMS 0x00000000c3300000, 0x00000000c3300000| Untracked 
|   6|0x00000000c3400000, 0x00000000c3400000, 0x00000000c3500000|  0%| F|  |TAMS 0x00000000c3400000, 0x00000000c3400000| Untracked 
|   7|0x00000000c3500000, 0x00000000c3500000, 0x00000000c3600000|  0%| F|  |TAMS 0x00000000c3500000, 0x00000000c3500000| Untracked 
|   8|0x00000000c3600000, 0x00000000c3600000, 0x00000000c3700000|  0%| F|  |TAMS 0x00000000c3600000, 0x00000000c3600000| Untracked 
|   9|0x00000000c3700000, 0x00000000c3700000, 0x00000000c3800000|  0%| F|  |TAMS 0x00000000c3700000, 0x00000000c3700000| Untracked 
|  10|0x00000000c3800000, 0x00000000c3800000, 0x00000000c3900000|  0%| F|  |TAMS 0x00000000c3800000, 0x00000000c3800000| Untracked 
|  11|0x00000000c3900000, 0x00000000c3900000, 0x00000000c3a00000|  0%| F|  |TAMS 0x00000000c3900000, 0x00000000c3900000| Untracked 
|  12|0x00000000c3a00000, 0x00000000c3a00000, 0x00000000c3b00000|  0%| F|  |TAMS 0x00000000c3a00000, 0x00000000c3a00000| Untracked 
|  13|0x00000000c3b00000, 0x00000000c3b00000, 0x00000000c3c00000|  0%| F|  |TAMS 0x00000000c3b00000, 0x00000000c3b00000| Untracked 
|  14|0x00000000c3c00000, 0x00000000c3c00000, 0x00000000c3d00000|  0%| F|  |TAMS 0x00000000c3c00000, 0x00000000c3c00000| Untracked 
|  15|0x00000000c3d00000, 0x00000000c3d00000, 0x00000000c3e00000|  0%| F|  |TAMS 0x00000000c3d00000, 0x00000000c3d00000| Untracked 
|  16|0x00000000c3e00000, 0x00000000c3e00000, 0x00000000c3f00000|  0%| F|  |TAMS 0x00000000c3e00000, 0x00000000c3e00000| Untracked 
|  17|0x00000000c3f00000, 0x00000000c3f00000, 0x00000000c4000000|  0%| F|  |TAMS 0x00000000c3f00000, 0x00000000c3f00000| Untracked 
|  18|0x00000000c4000000, 0x00000000c4000000, 0x00000000c4100000|  0%| F|  |TAMS 0x00000000c4000000, 0x00000000c4000000| Untracked 
|  19|0x00000000c4100000, 0x00000000c4100000, 0x00000000c4200000|  0%| F|  |TAMS 0x00000000c4100000, 0x00000000c4100000| Untracked 
|  20|0x00000000c4200000, 0x00000000c4200000, 0x00000000c4300000|  0%| F|  |TAMS 0x00000000c4200000, 0x00000000c4200000| Untracked 
|  21|0x00000000c4300000, 0x00000000c4300000, 0x00000000c4400000|  0%| F|  |TAMS 0x00000000c4300000, 0x00000000c4300000| Untracked 
|  22|0x00000000c4400000, 0x00000000c4400000, 0x00000000c4500000|  0%| F|  |TAMS 0x00000000c4400000, 0x00000000c4400000| Untracked 
|  23|0x00000000c4500000, 0x00000000c4500000, 0x00000000c4600000|  0%| F|  |TAMS 0x00000000c4500000, 0x00000000c4500000| Untracked 
|  24|0x00000000c4600000, 0x00000000c4600000, 0x00000000c4700000|  0%| F|  |TAMS 0x00000000c4600000, 0x00000000c4600000| Untracked 
|  25|0x00000000c4700000, 0x00000000c4700000, 0x00000000c4800000|  0%| F|  |TAMS 0x00000000c4700000, 0x00000000c4700000| Untracked 
|  26|0x00000000c4800000, 0x00000000c4800000, 0x00000000c4900000|  0%| F|  |TAMS 0x00000000c4800000, 0x00000000c4800000| Untracked 
|  27|0x00000000c4900000, 0x00000000c4900000, 0x00000000c4a00000|  0%| F|  |TAMS 0x00000000c4900000, 0x00000000c4900000| Untracked 
|  28|0x00000000c4a00000, 0x00000000c4a00000, 0x00000000c4b00000|  0%| F|  |TAMS 0x00000000c4a00000, 0x00000000c4a00000| Untracked 
|  29|0x00000000c4b00000, 0x00000000c4b00000, 0x00000000c4c00000|  0%| F|  |TAMS 0x00000000c4b00000, 0x00000000c4b00000| Untracked 
|  30|0x00000000c4c00000, 0x00000000c4c00000, 0x00000000c4d00000|  0%| F|  |TAMS 0x00000000c4c00000, 0x00000000c4c00000| Untracked 
|  31|0x00000000c4d00000, 0x00000000c4d00000, 0x00000000c4e00000|  0%| F|  |TAMS 0x00000000c4d00000, 0x00000000c4d00000| Untracked 
|  32|0x00000000c4e00000, 0x00000000c4e00000, 0x00000000c4f00000|  0%| F|  |TAMS 0x00000000c4e00000, 0x00000000c4e00000| Untracked 
|  33|0x00000000c4f00000, 0x00000000c4f00000, 0x00000000c5000000|  0%| F|  |TAMS 0x00000000c4f00000, 0x00000000c4f00000| Untracked 
|  34|0x00000000c5000000, 0x00000000c5000000, 0x00000000c5100000|  0%| F|  |TAMS 0x00000000c5000000, 0x00000000c5000000| Untracked 
|  35|0x00000000c5100000, 0x00000000c5100000, 0x00000000c5200000|  0%| F|  |TAMS 0x00000000c5100000, 0x00000000c5100000| Untracked 
|  36|0x00000000c5200000, 0x00000000c5200000, 0x00000000c5300000|  0%| F|  |TAMS 0x00000000c5200000, 0x00000000c5200000| Untracked 
|  37|0x00000000c5300000, 0x00000000c5300000, 0x00000000c5400000|  0%| F|  |TAMS 0x00000000c5300000, 0x00000000c5300000| Untracked 
|  38|0x00000000c5400000, 0x00000000c5400000, 0x00000000c5500000|  0%| F|  |TAMS 0x00000000c5400000, 0x00000000c5400000| Untracked 
|  39|0x00000000c5500000, 0x00000000c5500000, 0x00000000c5600000|  0%| F|  |TAMS 0x00000000c5500000, 0x00000000c5500000| Untracked 
|  40|0x00000000c5600000, 0x00000000c5600000, 0x00000000c5700000|  0%| F|  |TAMS 0x00000000c5600000, 0x00000000c5600000| Untracked 
|  41|0x00000000c5700000, 0x00000000c5700000, 0x00000000c5800000|  0%| F|  |TAMS 0x00000000c5700000, 0x00000000c5700000| Untracked 
|  42|0x00000000c5800000, 0x00000000c5800000, 0x00000000c5900000|  0%| F|  |TAMS 0x00000000c5800000, 0x00000000c5800000| Untracked 
|  43|0x00000000c5900000, 0x00000000c5900000, 0x00000000c5a00000|  0%| F|  |TAMS 0x00000000c5900000, 0x00000000c5900000| Untracked 
|  44|0x00000000c5a00000, 0x00000000c5a00000, 0x00000000c5b00000|  0%| F|  |TAMS 0x00000000c5a00000, 0x00000000c5a00000| Untracked 
|  45|0x00000000c5b00000, 0x00000000c5b00000, 0x00000000c5c00000|  0%| F|  |TAMS 0x00000000c5b00000, 0x00000000c5b00000| Untracked 
|  46|0x00000000c5c00000, 0x00000000c5c00000, 0x00000000c5d00000|  0%| F|  |TAMS 0x00000000c5c00000, 0x00000000c5c00000| Untracked 
|  47|0x00000000c5d00000, 0x00000000c5d00000, 0x00000000c5e00000|  0%| F|  |TAMS 0x00000000c5d00000, 0x00000000c5d00000| Untracked 
|  48|0x00000000c5e00000, 0x00000000c5e00000, 0x00000000c5f00000|  0%| F|  |TAMS 0x00000000c5e00000, 0x00000000c5e00000| Untracked 
|  49|0x00000000c5f00000, 0x00000000c5f00000, 0x00000000c6000000|  0%| F|  |TAMS 0x00000000c5f00000, 0x00000000c5f00000| Untracked 
|  50|0x00000000c6000000, 0x00000000c6000000, 0x00000000c6100000|  0%| F|  |TAMS 0x00000000c6000000, 0x00000000c6000000| Untracked 
|  51|0x00000000c6100000, 0x00000000c61c9680, 0x00000000c6200000| 78%| E|  |TAMS 0x00000000c6100000, 0x00000000c6100000| Complete 
|  52|0x00000000c6200000, 0x00000000c6300000, 0x00000000c6300000|100%| E|CS|TAMS 0x00000000c6200000, 0x00000000c6200000| Complete 
|  53|0x00000000c6300000, 0x00000000c6400000, 0x00000000c6400000|100%| E|CS|TAMS 0x00000000c6300000, 0x00000000c6300000| Complete 
|  54|0x00000000c6400000, 0x00000000c6500000, 0x00000000c6500000|100%| E|  |TAMS 0x00000000c6400000, 0x00000000c6400000| Complete 
|  55|0x00000000c6500000, 0x00000000c6600000, 0x00000000c6600000|100%| E|CS|TAMS 0x00000000c6500000, 0x00000000c6500000| Complete 
|  56|0x00000000c6600000, 0x00000000c6700000, 0x00000000c6700000|100%| E|CS|TAMS 0x00000000c6600000, 0x00000000c6600000| Complete 
|  57|0x00000000c6700000, 0x00000000c6800000, 0x00000000c6800000|100%| E|CS|TAMS 0x00000000c6700000, 0x00000000c6700000| Complete 
|  58|0x00000000c6800000, 0x00000000c6900000, 0x00000000c6900000|100%| E|CS|TAMS 0x00000000c6800000, 0x00000000c6800000| Complete 
|  59|0x00000000c6900000, 0x00000000c6a00000, 0x00000000c6a00000|100%| E|CS|TAMS 0x00000000c6900000, 0x00000000c6900000| Complete 
|  60|0x00000000c6a00000, 0x00000000c6b00000, 0x00000000c6b00000|100%| E|CS|TAMS 0x00000000c6a00000, 0x00000000c6a00000| Complete 
|  61|0x00000000c6b00000, 0x00000000c6c00000, 0x00000000c6c00000|100%| E|CS|TAMS 0x00000000c6b00000, 0x00000000c6b00000| Complete 

Card table byte_map: [0x0000024b33ab0000,0x0000024b33ca0000] _byte_map_base: 0x0000024b33499000

Marking Bits (Prev, Next): (CMBitMap*) 0x0000024b1f383ab0, (CMBitMap*) 0x0000024b1f383af0
 Prev Bits: [0x0000024b33e90000, 0x0000024b34dd8000)
 Next Bits: [0x0000024b34de0000, 0x0000024b35d28000)

Polling page: 0x0000024b1f400000

Metaspace:

Usage:
  Non-class:     12.43 MB used.
      Class:      1.40 MB used.
       Both:     13.82 MB used.

Virtual space:
  Non-class space:       64.00 MB reserved,      12.50 MB ( 20%) committed,  1 nodes.
      Class space:        1.00 GB reserved,       1.44 MB ( <1%) committed,  1 nodes.
             Both:        1.06 GB reserved,      13.94 MB (  1%) committed. 

Chunk freelists:
   Non-Class:  2.59 MB
       Class:  14.57 MB
        Both:  17.16 MB

MaxMetaspaceSize: unlimited
CompressedClassSpaceSize: 1.00 GB
Initial GC threshold: 21.00 MB
Current GC threshold: 21.00 MB
CDS: off
MetaspaceReclaimPolicy: balanced
 - commit_granule_bytes: 65536.
 - commit_granule_words: 8192.
 - virtual_space_node_default_size: 8388608.
 - enlarge_chunks_in_place: 1.
 - new_chunks_are_fully_committed: 0.
 - uncommit_free_chunks: 1.
 - use_allocation_guard: 0.
 - handle_deallocations: 1.


Internal statistics:

num_allocs_failed_limit: 0.
num_arena_births: 120.
num_arena_deaths: 0.
num_vsnodes_births: 2.
num_vsnodes_deaths: 0.
num_space_committed: 223.
num_space_uncommitted: 0.
num_chunks_returned_to_freelist: 0.
num_chunks_taken_from_freelist: 244.
num_chunk_merges: 0.
num_chunk_splits: 137.
num_chunks_enlarged: 83.
num_inconsistent_stats: 0.

CodeHeap 'non-profiled nmethods': size=120000Kb used=261Kb max_used=261Kb free=119739Kb
 bounds [0x0000024b2bd70000, 0x0000024b2bfe0000, 0x0000024b332a0000]
CodeHeap 'profiled nmethods': size=120000Kb used=1350Kb max_used=1350Kb free=118649Kb
 bounds [0x0000024b242a0000, 0x0000024b24510000, 0x0000024b2b7d0000]
CodeHeap 'non-nmethods': size=5760Kb used=1170Kb max_used=1188Kb free=4589Kb
 bounds [0x0000024b2b7d0000, 0x0000024b2ba40000, 0x0000024b2bd70000]
 total_blobs=1342 nmethods=876 adapters=380
 compilation: enabled
              stopped_count=0, restarted_count=0
 full_count=0

Compilation events (20 events):
Event: 2.723 Thread 0x0000024b3837cb50  864       3       java.lang.StringConcatHelper::newString (67 bytes)
Event: 2.724 Thread 0x0000024b3837cb50 nmethod 864 0x0000024b243e6d90 code [0x0000024b243e7000, 0x0000024b243e7a48]
Event: 2.736 Thread 0x0000024b3837cb50  866       3       jdk.internal.org.objectweb.asm.ClassReader::<init> (371 bytes)
Event: 2.737 Thread 0x0000024b38377d30  867       4       jdk.internal.org.objectweb.asm.SymbolTable::put (150 bytes)
Event: 2.739 Thread 0x0000024b3837cb50 nmethod 866 0x0000024b243e7e10 code [0x0000024b243e8100, 0x0000024b243e9478]
Event: 2.739 Thread 0x0000024b3837cb50  868       3       jdk.internal.org.objectweb.asm.MethodVisitor::<init> (7 bytes)
Event: 2.740 Thread 0x0000024b3837cb50 nmethod 868 0x0000024b243e9a10 code [0x0000024b243e9bc0, 0x0000024b243e9d08]
Event: 2.740 Thread 0x0000024b3837cb50  869       3       jdk.internal.org.objectweb.asm.MethodWriter::visitMaxs (60 bytes)
Event: 2.740 Thread 0x0000024b3837cb50 nmethod 869 0x0000024b243e9d90 code [0x0000024b243e9f60, 0x0000024b243ea238]
Event: 2.740 Thread 0x0000024b3837cb50  870       3       jdk.internal.org.objectweb.asm.MethodWriter::visitEnd (1 bytes)
Event: 2.740 Thread 0x0000024b3837cb50 nmethod 870 0x0000024b243ea310 code [0x0000024b243ea4a0, 0x0000024b243ea5b8]
Event: 2.740 Thread 0x0000024b3837cb50  871       3       jdk.internal.org.objectweb.asm.MethodWriter::computeMethodInfoSize (571 bytes)
Event: 2.744 Thread 0x0000024b3837cb50 nmethod 871 0x0000024b243ea690 code [0x0000024b243ea9c0, 0x0000024b243eb908]
Event: 2.744 Thread 0x0000024b3837cb50  872       3       jdk.internal.org.objectweb.asm.MethodWriter::hasFrames (13 bytes)
Event: 2.745 Thread 0x0000024b3837cb50 nmethod 872 0x0000024b243ebf90 code [0x0000024b243ec120, 0x0000024b243ec298]
Event: 2.745 Thread 0x0000024b3837cb50  873       3       jdk.internal.org.objectweb.asm.MethodWriter::putMethodInfo (1274 bytes)
Event: 2.747 Thread 0x0000024b38377d30 nmethod 867 0x0000024b2bdb0510 code [0x0000024b2bdb06a0, 0x0000024b2bdb09b8]
Event: 2.747 Thread 0x0000024b38377d30  874       4       java.lang.StringLatin1::indexOf (36 bytes)
Event: 2.750 Thread 0x0000024b38377d30 nmethod 874 0x0000024b2bdb0b90 code [0x0000024b2bdb0d00, 0x0000024b2bdb0e98]
Event: 2.750 Thread 0x0000024b38377d30  877       4       jdk.internal.org.objectweb.asm.ByteVector::putShort (52 bytes)

GC Heap History (0 events):
No events

Dll operation events (1 events):
Event: 0.029 Loaded shared library C:\Program Files\JetBrains\PyCharm 2023.3.4\jbr\bin\java.dll

Deoptimization events (12 events):
Event: 2.339 Thread 0x0000024b1f345a00 Uncommon trap: trap_request=0xffffff45 fr.pc=0x0000024b2bd87058 relative=0x0000000000000338
Event: 2.339 Thread 0x0000024b1f345a00 Uncommon trap: reason=unstable_if action=reinterpret pc=0x0000024b2bd87058 method=java.lang.StringLatin1.newString([BII)Ljava/lang/String; @ 1 c2
Event: 2.339 Thread 0x0000024b1f345a00 DEOPT PACKING pc=0x0000024b2bd87058 sp=0x00000050129fe900
Event: 2.339 Thread 0x0000024b1f345a00 DEOPT UNPACKING pc=0x0000024b2b82699d sp=0x00000050129fe8c8 mode 2
Event: 2.353 Thread 0x0000024b1f345a00 DEOPT PACKING pc=0x0000024b242b7be7 sp=0x00000050129fcce0
Event: 2.353 Thread 0x0000024b1f345a00 DEOPT UNPACKING pc=0x0000024b2b827124 sp=0x00000050129fc100 mode 0
Event: 2.498 Thread 0x0000024b1f345a00 DEOPT PACKING pc=0x0000024b242b6bd1 sp=0x00000050129fcdd0
Event: 2.498 Thread 0x0000024b1f345a00 DEOPT UNPACKING pc=0x0000024b2b827124 sp=0x00000050129fc248 mode 0
Event: 2.745 Thread 0x0000024b3d1872b0 Uncommon trap: trap_request=0xffffffde fr.pc=0x0000024b2bdae510 relative=0x0000000000000df0
Event: 2.745 Thread 0x0000024b3d1872b0 Uncommon trap: reason=class_check action=maybe_recompile pc=0x0000024b2bdae510 method=java.util.concurrent.ConcurrentHashMap.putVal(Ljava/lang/Object;Ljava/lang/Object;Z)Ljava/lang/Object; @ 159 c2
Event: 2.745 Thread 0x0000024b3d1872b0 DEOPT PACKING pc=0x0000024b2bdae510 sp=0x0000005013efdfb0
Event: 2.745 Thread 0x0000024b3d1872b0 DEOPT UNPACKING pc=0x0000024b2b82699d sp=0x0000005013efdf30 mode 2

Classes unloaded (0 events):
No events

Classes redefined (0 events):
No events

Internal exceptions (20 events):
Event: 1.133 Thread 0x0000024b1f345a00 Exception <a 'java/lang/NoSuchMethodError'{0x00000000c69f2300}: 'void java.lang.invoke.DirectMethodHandle$Holder.invokeStaticInit(java.lang.Object, java.lang.Object)'> (0x00000000c69f2300) 
thrown [s\src\hotspot\share\interpreter\linkResolver.cpp, line 771]
Event: 1.142 Thread 0x0000024b1f345a00 Exception <a 'java/lang/NoSuchMethodError'{0x00000000c69f8b98}: 'int java.lang.invoke.DirectMethodHandle$Holder.invokeStaticInit(java.lang.Object, java.lang.Object)'> (0x00000000c69f8b98) 
thrown [s\src\hotspot\share\interpreter\linkResolver.cpp, line 771]
Event: 1.341 Thread 0x0000024b1f345a00 Exception <a 'java/lang/NoSuchMethodError'{0x00000000c68dfe20}: 'java.lang.Object java.lang.invoke.DirectMethodHandle$Holder.invokeStaticInit(java.lang.Object, int, int, int, int)'> (0x00000000c68dfe20) 
thrown [s\src\hotspot\share\interpreter\linkResolver.cpp, line 771]
Event: 1.532 Thread 0x0000024b1f345a00 Exception <a 'java/lang/NoSuchMethodError'{0x00000000c6718260}: 'java.lang.Object java.lang.invoke.DirectMethodHandle$Holder.invokeStaticInit(java.lang.Object, java.lang.Object, int, int, int, int)'> (0x00000000c6718260) 
thrown [s\src\hotspot\share\interpreter\linkResolver.cpp, line 771]
Event: 1.585 Thread 0x0000024b1f345a00 Exception <a 'java/lang/NoSuchMethodError'{0x00000000c6781128}: 'java.lang.Object java.lang.invoke.DirectMethodHandle$Holder.invokeStatic(java.lang.Object, java.lang.Object, int)'> (0x00000000c6781128) 
thrown [s\src\hotspot\share\interpreter\linkResolver.cpp, line 771]
Event: 1.586 Thread 0x0000024b1f345a00 Exception <a 'java/lang/NoSuchMethodError'{0x00000000c67848a0}: 'java.lang.Object java.lang.invoke.DirectMethodHandle$Holder.invokeStaticInit(java.lang.Object, java.lang.Object, int)'> (0x00000000c67848a0) 
thrown [s\src\hotspot\share\interpreter\linkResolver.cpp, line 771]
Event: 1.589 Thread 0x0000024b1f345a00 Exception <a 'java/lang/NoSuchMethodError'{0x00000000c678ac50}: 'java.lang.Object java.lang.invoke.DirectMethodHandle$Holder.newInvokeSpecial(java.lang.Object, java.lang.Object, int)'> (0x00000000c678ac50) 
thrown [s\src\hotspot\share\interpreter\linkResolver.cpp, line 771]
Event: 1.618 Thread 0x0000024b1f345a00 Exception <a 'java/lang/NoSuchMethodError'{0x00000000c6796410}: 'int java.lang.invoke.DirectMethodHandle$Holder.invokeStaticInit(java.lang.Object, java.lang.Object, java.lang.Object)'> (0x00000000c6796410) 
thrown [s\src\hotspot\share\interpreter\linkResolver.cpp, line 771]
Event: 1.628 Thread 0x0000024b1f345a00 Exception <a 'java/lang/NoSuchMethodError'{0x00000000c67aa860}: 'int java.lang.invoke.DirectMethodHandle$Holder.invokeSpecial(java.lang.Object, java.lang.Object, java.lang.Object)'> (0x00000000c67aa860) 
thrown [s\src\hotspot\share\interpreter\linkResolver.cpp, line 771]
Event: 1.633 Thread 0x0000024b1f345a00 Exception <a 'java/lang/NoSuchMethodError'{0x00000000c67b2c40}: 'int java.lang.invoke.DirectMethodHandle$Holder.invokeSpecialIFC(java.lang.Object, java.lang.Object, java.lang.Object)'> (0x00000000c67b2c40) 
thrown [s\src\hotspot\share\interpreter\linkResolver.cpp, line 771]
Event: 1.789 Thread 0x0000024b1f345a00 Exception <a 'java/lang/NoSuchMethodError'{0x00000000c66403b0}: 'java.lang.Object java.lang.invoke.DirectMethodHandle$Holder.invokeStaticInit(java.lang.Object)'> (0x00000000c66403b0) 
thrown [s\src\hotspot\share\interpreter\linkResolver.cpp, line 771]
Event: 2.384 Thread 0x0000024b1f345a00 Exception <a 'java/lang/NoSuchMethodError'{0x00000000c65c6fc8}: 'java.lang.Object java.lang.invoke.DirectMethodHandle$Holder.newInvokeSpecial(java.lang.Object, java.lang.Object, java.lang.Object, java.lang.Object, java.lang.Object)'> (0x00000000c65c6fc8) 
thrown [s\src\hotspot\share\interpreter\linkResolver.cpp, line 771]
Event: 2.542 Thread 0x0000024b1f345a00 Exception <a 'java/lang/NoSuchMethodError'{0x00000000c6389a70}: 'java.lang.Object java.lang.invoke.DirectMethodHandle$Holder.invokeSpecial(java.lang.Object, java.lang.Object, java.lang.Object, java.lang.Object, int)'> (0x00000000c6389a70) 
thrown [s\src\hotspot\share\interpreter\linkResolver.cpp, line 771]
Event: 2.543 Thread 0x0000024b1f345a00 Exception <a 'java/lang/NoSuchMethodError'{0x00000000c638d638}: 'java.lang.Object java.lang.invoke.Invokers$Holder.linkToTargetMethod(java.lang.Object, java.lang.Object, int, java.lang.Object)'> (0x00000000c638d638) 
thrown [s\src\hotspot\share\interpreter\linkResolver.cpp, line 771]
Event: 2.579 Thread 0x0000024b1f345a00 Exception <a 'java/lang/NoSuchMethodError'{0x00000000c63ed900}: 'void java.lang.invoke.DirectMethodHandle$Holder.invokeSpecial(java.lang.Object, java.lang.Object, java.lang.Object)'> (0x00000000c63ed900) 
thrown [s\src\hotspot\share\interpreter\linkResolver.cpp, line 771]
Event: 2.632 Thread 0x0000024b3d181a00 Exception <a 'java/lang/NoSuchMethodError'{0x00000000c65ebdb0}: 'void java.lang.invoke.DirectMethodHandle$Holder.invokeStatic(java.lang.Object, java.lang.Object, int)'> (0x00000000c65ebdb0) 
thrown [s\src\hotspot\share\interpreter\linkResolver.cpp, line 771]
Event: 2.654 Thread 0x0000024b1f345a00 Exception <a 'java/lang/NoSuchMethodError'{0x00000000c6274758}: 'void java.lang.invoke.DirectMethodHandle$Holder.invokeSpecial(java.lang.Object, java.lang.Object, java.lang.Object, java.lang.Object, java.lang.Object)'> (0x00000000c6274758) 
thrown [s\src\hotspot\share\interpreter\linkResolver.cpp, line 771]
Event: 2.696 Thread 0x0000024b3d1872b0 Exception <a 'java/lang/NoSuchMethodError'{0x00000000c6124270}: 'void java.lang.invoke.DirectMethodHandle$Holder.invokeInterface(java.lang.Object, java.lang.Object, java.lang.Object)'> (0x00000000c6124270) 
thrown [s\src\hotspot\share\interpreter\linkResolver.cpp, line 771]
Event: 2.704 Thread 0x0000024b3d1872b0 Exception <a 'java/lang/NoSuchMethodError'{0x00000000c613a758}: 'int java.lang.invoke.DirectMethodHandle$Holder.invokeStaticInit(java.lang.Object, int, int)'> (0x00000000c613a758) 
thrown [s\src\hotspot\share\interpreter\linkResolver.cpp, line 771]
Event: 2.724 Thread 0x0000024b3d1872b0 Exception <a 'java/lang/NoSuchMethodError'{0x00000000c617d2c0}: 'void java.lang.invoke.DirectMethodHandle$Holder.invokeVirtual(java.lang.Object, java.lang.Object)'> (0x00000000c617d2c0) 
thrown [s\src\hotspot\share\interpreter\linkResolver.cpp, line 771]

VM Operations (10 events):
Event: 0.513 Executing VM operation: HandshakeAllThreads
Event: 0.513 Executing VM operation: HandshakeAllThreads done
Event: 0.572 Executing VM operation: HandshakeAllThreads
Event: 0.573 Executing VM operation: HandshakeAllThreads done
Event: 1.406 Executing VM operation: HandshakeAllThreads
Event: 1.406 Executing VM operation: HandshakeAllThreads done
Event: 1.406 Executing VM operation: Cleanup
Event: 1.406 Executing VM operation: Cleanup done
Event: 1.817 Executing VM operation: HandshakeAllThreads
Event: 1.817 Executing VM operation: HandshakeAllThreads done

Events (20 events):
Event: 2.715 loading class java/lang/invoke/MethodHandle$1
Event: 2.716 loading class java/lang/invoke/MethodHandle$1 done
Event: 2.727 loading class java/util/concurrent/atomic/AtomicBoolean
Event: 2.727 loading class java/util/concurrent/atomic/AtomicBoolean done
Event: 2.734 loading class java/util/Collections$SynchronizedList
Event: 2.734 loading class java/util/Collections$SynchronizedList done
Event: 2.737 loading class java/util/concurrent/CompletableFuture$UniExceptionally
Event: 2.737 loading class java/util/concurrent/CompletableFuture$UniExceptionally done
Event: 2.738 loading class java/util/concurrent/CompletableFuture$BiRelay
Event: 2.738 loading class java/util/concurrent/CompletableFuture$BiCompletion
Event: 2.738 loading class java/util/concurrent/CompletableFuture$BiCompletion done
Event: 2.738 loading class java/util/concurrent/CompletableFuture$BiRelay done
Event: 2.738 loading class java/util/concurrent/CompletableFuture$CoCompletion
Event: 2.739 loading class java/util/concurrent/CompletableFuture$CoCompletion done
Event: 2.740 loading class java/util/concurrent/CompletableFuture$UniRun
Event: 2.740 loading class java/util/concurrent/CompletableFuture$UniRun done
Event: 2.745 loading class java/util/function/LongBinaryOperator
Event: 2.745 loading class java/util/function/LongBinaryOperator done
Event: 2.750 loading class sun/security/ssl/ClientHandshakeContext
Event: 2.750 loading class sun/security/ssl/HandshakeContext


Dynamic libraries:
0x00007ff6b0ee0000 - 0x00007ff6b0eea000 	C:\Program Files\JetBrains\PyCharm 2023.3.4\jbr\bin\java.exe
0x00007fff89b30000 - 0x00007fff89d44000 	C:\windows\SYSTEM32\ntdll.dll
0x00007fff890d0000 - 0x00007fff89194000 	C:\windows\System32\KERNEL32.DLL
0x00007fff86ee0000 - 0x00007fff87284000 	C:\windows\System32\KERNELBASE.dll
0x00007fff877a0000 - 0x00007fff878b1000 	C:\windows\System32\ucrtbase.dll
0x00007fff5e780000 - 0x00007fff5e79b000 	C:\Program Files\JetBrains\PyCharm 2023.3.4\jbr\bin\VCRUNTIME140.dll
0x00007fff720c0000 - 0x00007fff720d7000 	C:\Program Files\JetBrains\PyCharm 2023.3.4\jbr\bin\jli.dll
0x00007fff88b00000 - 0x00007fff88cae000 	C:\windows\System32\USER32.dll
0x00007fff873b0000 - 0x00007fff873d6000 	C:\windows\System32\win32u.dll
0x00007fff899c0000 - 0x00007fff899e9000 	C:\windows\System32\GDI32.dll
0x00007fff873e0000 - 0x00007fff874f8000 	C:\windows\System32\gdi32full.dll
0x00007fff87290000 - 0x00007fff8732a000 	C:\windows\System32\msvcp_win.dll
0x00007fff6ba30000 - 0x00007fff6bcc3000 	C:\windows\WinSxS\amd64_microsoft.windows.common-controls_6595b64144ccf1df_6.0.22621.2215_none_270d72677387dfc3\COMCTL32.dll
0x00007fff892d0000 - 0x00007fff89377000 	C:\windows\System32\msvcrt.dll
0x00007fff89500000 - 0x00007fff89531000 	C:\windows\System32\IMM32.DLL
0x00007fff72080000 - 0x00007fff7208c000 	C:\Program Files\JetBrains\PyCharm 2023.3.4\jbr\bin\vcruntime140_1.dll
0x00007fff42210000 - 0x00007fff4229d000 	C:\Program Files\JetBrains\PyCharm 2023.3.4\jbr\bin\msvcp140.dll
0x00007fff0a220000 - 0x00007fff0aea3000 	C:\Program Files\JetBrains\PyCharm 2023.3.4\jbr\bin\server\jvm.dll
0x00007fff899f0000 - 0x00007fff89aa0000 	C:\windows\System32\ADVAPI32.dll
0x00007fff89380000 - 0x00007fff89426000 	C:\windows\System32\sechost.dll
0x00007fff882b0000 - 0x00007fff883c7000 	C:\windows\System32\RPCRT4.dll
0x00007fff86db0000 - 0x00007fff86dfd000 	C:\windows\SYSTEM32\POWRPROF.dll
0x00007fff80740000 - 0x00007fff80749000 	C:\windows\SYSTEM32\WSOCK32.dll
0x00007fff7d6a0000 - 0x00007fff7d6d4000 	C:\windows\SYSTEM32\WINMM.dll
0x00007fff88cb0000 - 0x00007fff88d21000 	C:\windows\System32\WS2_32.dll
0x00007fff7c3b0000 - 0x00007fff7c3ba000 	C:\windows\SYSTEM32\VERSION.dll
0x00007fff86d90000 - 0x00007fff86da3000 	C:\windows\SYSTEM32\UMPDC.dll
0x00007fff85f30000 - 0x00007fff85f48000 	C:\windows\SYSTEM32\kernel.appcore.dll
0x00007fff77c20000 - 0x00007fff77c2a000 	C:\Program Files\JetBrains\PyCharm 2023.3.4\jbr\bin\jimage.dll
0x00007fff84b50000 - 0x00007fff84d7e000 	C:\windows\SYSTEM32\DBGHELP.DLL
0x00007fff88d40000 - 0x00007fff890ca000 	C:\windows\System32\combase.dll
0x00007fff88a00000 - 0x00007fff88ad7000 	C:\windows\System32\OLEAUT32.dll
0x00007fff6ec40000 - 0x00007fff6ec72000 	C:\windows\SYSTEM32\dbgcore.DLL
0x00007fff87330000 - 0x00007fff873aa000 	C:\windows\System32\bcryptPrimitives.dll
0x00007fff77bf0000 - 0x00007fff77c15000 	C:\Program Files\JetBrains\PyCharm 2023.3.4\jbr\bin\java.dll
0x00007fff77bd0000 - 0x00007fff77be8000 	C:\Program Files\JetBrains\PyCharm 2023.3.4\jbr\bin\zip.dll
0x00007fff87a80000 - 0x00007fff882a3000 	C:\windows\System32\SHELL32.dll
0x00007fff84d80000 - 0x00007fff8566a000 	C:\windows\SYSTEM32\windows.storage.dll
0x00007fff84a10000 - 0x00007fff84b4e000 	C:\windows\SYSTEM32\wintypes.dll
0x00007fff88900000 - 0x00007fff889f3000 	C:\windows\System32\SHCORE.dll
0x00007fff891a0000 - 0x00007fff891fe000 	C:\windows\System32\shlwapi.dll
0x00007fff86e10000 - 0x00007fff86e36000 	C:\windows\SYSTEM32\profapi.dll
0x00007fff72fd0000 - 0x00007fff72fe9000 	C:\Program Files\JetBrains\PyCharm 2023.3.4\jbr\bin\net.dll
0x00007fff7d8f0000 - 0x00007fff7da27000 	C:\windows\SYSTEM32\WINHTTP.dll
0x00007fff863b0000 - 0x00007fff86419000 	C:\windows\system32\mswsock.dll
0x00007fff72300000 - 0x00007fff72316000 	C:\Program Files\JetBrains\PyCharm 2023.3.4\jbr\bin\nio.dll
0x00007fff86600000 - 0x00007fff8661b000 	C:\windows\SYSTEM32\CRYPTSP.dll
0x00007fff85ea0000 - 0x00007fff85ed5000 	C:\windows\system32\rsaenh.dll
0x00007fff864a0000 - 0x00007fff864cc000 	C:\windows\SYSTEM32\USERENV.dll
0x00007fff867c0000 - 0x00007fff867e8000 	C:\windows\SYSTEM32\bcrypt.dll
0x00007fff86620000 - 0x00007fff8662c000 	C:\windows\SYSTEM32\CRYPTBASE.dll
0x00007fff85a00000 - 0x00007fff85a2d000 	C:\windows\SYSTEM32\IPHLPAPI.DLL
0x00007fff87a70000 - 0x00007fff87a79000 	C:\windows\System32\NSI.dll
0x00007fff7ef80000 - 0x00007fff7ef99000 	C:\windows\SYSTEM32\dhcpcsvc6.DLL
0x00007fff7d6e0000 - 0x00007fff7d6ff000 	C:\windows\SYSTEM32\dhcpcsvc.DLL
0x00007fff85a80000 - 0x00007fff85b72000 	C:\windows\SYSTEM32\DNSAPI.dll
0x00007fff72fc0000 - 0x00007fff72fce000 	C:\Program Files\JetBrains\PyCharm 2023.3.4\jbr\bin\sunmscapi.dll
0x00007fff87500000 - 0x00007fff87666000 	C:\windows\System32\CRYPT32.dll
0x00007fff86790000 - 0x00007fff867be000 	C:\windows\SYSTEM32\ncrypt.dll
0x00007fff86750000 - 0x00007fff86787000 	C:\windows\SYSTEM32\NTASN1.dll
0x00007fff722f0000 - 0x00007fff722f8000 	C:\windows\system32\wshunix.dll
0x00007fff72290000 - 0x00007fff72299000 	C:\Program Files\JetBrains\PyCharm 2023.3.4\jbr\bin\extnet.dll

dbghelp: loaded successfully - version: 4.0.5 - missing functions: none
symbol engine: initialized successfully - sym options: 0x614 - pdb path: .;C:\Program Files\JetBrains\PyCharm 2023.3.4\jbr\bin;C:\windows\SYSTEM32;C:\windows\WinSxS\amd64_microsoft.windows.common-controls_6595b64144ccf1df_6.0.22621.2215_none_270d72677387dfc3;C:\Program Files\JetBrains\PyCharm 2023.3.4\jbr\bin\server

VM Arguments:
java_command: git4idea.http.GitAskPassApp Username for 'https://github.com': 
java_class_path (initial): C:/Program Files/JetBrains/PyCharm 2023.3.4/plugins/vcs-git/lib/git4idea-rt.jar;C:/Program Files/JetBrains/PyCharm 2023.3.4/lib/externalProcess-rt.jar
Launcher Type: SUN_STANDARD

[Global flags]
     intx CICompilerCount                          = 3                                         {product} {ergonomic}
     uint ConcGCThreads                            = 1                                         {product} {ergonomic}
     uint G1ConcRefinementThreads                  = 4                                         {product} {ergonomic}
   size_t G1HeapRegionSize                         = 1048576                                   {product} {ergonomic}
    uintx GCDrainStackTargetSize                   = 64                                        {product} {ergonomic}
   size_t InitialHeapSize                          = 65011712                                  {product} {ergonomic}
   size_t MarkStackSize                            = 4194304                                   {product} {ergonomic}
   size_t MaxHeapSize                              = 1025507328                                {product} {ergonomic}
   size_t MaxNewSize                               = 614465536                                 {product} {ergonomic}
   size_t MinHeapDeltaBytes                        = 1048576                                   {product} {ergonomic}
   size_t MinHeapSize                              = 8388608                                   {product} {ergonomic}
    uintx NonNMethodCodeHeapSize                   = 5832780                                {pd product} {ergonomic}
    uintx NonProfiledCodeHeapSize                  = 122912730                              {pd product} {ergonomic}
    uintx ProfiledCodeHeapSize                     = 122912730                              {pd product} {ergonomic}
    uintx ReservedCodeCacheSize                    = 251658240                              {pd product} {ergonomic}
     bool SegmentedCodeCache                       = true                                      {product} {ergonomic}
   size_t SoftMaxHeapSize                          = 1025507328                             {manageable} {ergonomic}
     bool UseCompressedClassPointers               = true                           {product lp64_product} {ergonomic}
     bool UseCompressedOops                        = true                           {product lp64_product} {ergonomic}
     bool UseG1GC                                  = true                                      {product} {ergonomic}
     bool UseLargePagesIndividualAllocation        = false                                  {pd product} {ergonomic}

Logging:
Log output configuration:
 #0: stdout all=warning uptime,level,tags
 #1: stderr all=off uptime,level,tags

Environment Variables:
PATH=C:/Program Files/Git/mingw64/libexec/git-core;C:/Program Files/Git/mingw64/libexec/git-core;C:\Program Files\Git\mingw64\bin;C:\Program Files\Git\usr\bin;C:\Users\tolua\bin;C:\Users\tolua\Downloads\SrtFlaskWebsite\venv\Scripts;C:\Program Files\Python1\Scripts\;C:\Program Files\Python1\;C:\windows\system32;C:\windows;C:\windows\System32\Wbem;C:\windows\System32\WindowsPowerShell\v1.0\;C:\windows\System32\OpenSSH\;C:\Program Files\nodejs\;C:\Program Files\Git\cmd;C:\Users\tolua\AppData\Local\Programs\Python\Launcher\;C:\Users\tolua\AppData\Local\Microsoft\WindowsApps;C:\Users\tolua\AppData\Roaming\npm;C:\Users\tolua\AppData\Local\GitHubDesktop\bin
USERNAME=tolua
DISPLAY=:0.0
LC_ALL=en_US.UTF-8
TERM=xterm-256color
TMPDIR=C:\Users\tolua\AppData\Local\Temp
OS=Windows_NT
PROCESSOR_IDENTIFIER=Intel64 Family 6 Model 122 Stepping 8, GenuineIntel
TMP=C:\Users\tolua\AppData\Local\Temp
TEMP=C:\Users\tolua\AppData\Local\Temp



Periodic native trim disabled

JNI global refs:
JNI global refs: 18, weak refs: 0

JNI global refs memory usage: 843, weak refs: 209

OOME stack traces (most recent first):
Classloader memory used:
Loader bootstrap                                                                       : 1601K
Loader jdk.internal.loader.ClassLoaders$PlatformClassLoader                            : 165K
Loader jdk.internal.loader.ClassLoaders$AppClassLoader                                 : 1808B


---------------  S Y S T E M  ---------------

OS:
 Windows 11 , 64 bit Build 22621 (10.0.22621.2215)
OS uptime: 1 days 4:15 hours

CPU: total 4 (initial active 4) (4 cores per cpu, 1 threads per core) family 6 model 122 stepping 8 microcode 0x22, cx8, cmov, fxsr, mmx, 3dnowpref, sse, sse2, sse3, ssse3, sse4.1, sse4.2, popcnt, tsc, tscinvbit, aes, erms, clmul, sha, clflush, clflushopt
Processor Information for all 4 processors :
  Max Mhz: 1101, Current Mhz: 1101, Mhz Limit: 1101

Memory: 4k page, system-wide physical 3911M (142M free)
TotalPageFile size 11258M (AvailPageFile size 1M)
current process WorkingSet (physical memory assigned to process): 61M, peak: 61M
current process commit charge ("private bytes"): 141M, peak: 142M

vm_info: OpenJDK 64-Bit Server VM (17.0.10+1-b1087.17) for windows-amd64 JRE (17.0.10+1-b1087.17), built on 2024-01-19 by "builduser" with MS VC++ 16.10 / 16.11 (VS2019)

END.
