#
# There is insufficient memory for the Java Runtime Environment to continue.
# Native memory allocation (mmap) failed to map 65011712 bytes for G1 virtual space
# Possible reasons:
#   The system is out of physical RAM or swap space
#   The process is running with CompressedOops enabled, and the Java Heap may be blocking the growth of the native heap
# Possible solutions:
#   Reduce memory load on the system
#   Increase physical memory or swap space
#   Check if swap backing store is full
#   Decrease Java heap size (-Xmx/-Xms)
#   Decrease number of Java threads
#   Decrease Java thread stack sizes (-Xss)
#   Set larger code cache with -XX:ReservedCodeCacheSize=
#   JVM is running with Unscaled Compressed Oops mode in which the Java heap is
#     placed in the first 4GB address space. The Java Heap base address is the
#     maximum limit for the native heap growth. Please use -XX:HeapBaseMinAddress
#     to set the Java Heap base and to place the Java Heap above 4GB virtual address.
# This output file may be truncated or incomplete.
#
#  Out of Memory Error (os_windows.cpp:3825), pid=2324, tid=15148
#
# JRE version:  (17.0.10+1) (build )
# Java VM: OpenJDK 64-Bit Server VM (17.0.10+1-b1087.17, mixed mode, sharing, tiered, compressed oops, compressed class ptrs, g1 gc, windows-amd64)
# No core dump will be written. Minidumps are not enabled by default on client versions of Windows
#

---------------  S U M M A R Y ------------

Command Line: git4idea.http.GitAskPassApp Username for 'https://github.com': 

Host: Intel(R) Celeron(R) N4120 CPU @ 1.10GHz, 4 cores, 3G,  Windows 11 , 64 bit Build 22621 (10.0.22621.3235)
Time: Mon Mar 25 19:35:55 2024 Eastern Daylight Time elapsed time: 0.032207 seconds (0d 0h 0m 0s)

---------------  T H R E A D  ---------------

Current thread (0x000001de7ce4c840):  JavaThread "Unknown thread" [_thread_in_vm, id=15148, stack(0x0000004cfe100000,0x0000004cfe200000)]

Stack: [0x0000004cfe100000,0x0000004cfe200000]
Native frames: (J=compiled Java code, j=interpreted, Vv=VM code, C=native code)
V  [jvm.dll+0x688ac9]
V  [jvm.dll+0x84220a]
V  [jvm.dll+0x843e4e]
V  [jvm.dll+0x8444b3]
V  [jvm.dll+0x24ba8f]
V  [jvm.dll+0x685899]
V  [jvm.dll+0x67a14a]
V  [jvm.dll+0x30c7eb]
V  [jvm.dll+0x313c96]
V  [jvm.dll+0x363a2e]
V  [jvm.dll+0x363c5f]
V  [jvm.dll+0x2e25b8]
V  [jvm.dll+0x2e3524]
V  [jvm.dll+0x812d71]
V  [jvm.dll+0x3718e1]
V  [jvm.dll+0x7f18d6]
V  [jvm.dll+0x3f553f]
V  [jvm.dll+0x3f7171]
C  [jli.dll+0x528f]
C  [ucrtbase.dll+0x29363]
C  [KERNEL32.DLL+0x1257d]
C  [ntdll.dll+0x5aa58]


---------------  P R O C E S S  ---------------

Threads class SMR info:
_java_thread_list=0x00007ffea0f7ef58, length=0, elements={
}

Java Threads: ( => current thread )

Other Threads:
  0x000001de7ce8ab90 GCTaskThread "GC Thread#0" [stack: 0x0000004cfe200000,0x0000004cfe300000] [id=17908]
  0x000001de7ce93cc0 ConcurrentGCThread "G1 Main Marker" [stack: 0x0000004cfe300000,0x0000004cfe400000] [id=15388]
  0x000001de7ce946e0 ConcurrentGCThread "G1 Conc#0" [stack: 0x0000004cfe400000,0x0000004cfe500000] [id=16812]

[error occurred during error reporting (printing all threads), id 0xc0000005, EXCEPTION_ACCESS_VIOLATION (0xc0000005) at pc=0x00007ffea0733187]

VM state: not at safepoint (not fully initialized)

VM Mutex/Monitor currently owned by a thread:  ([mutex/lock_event])
[0x000001de7ce47e40] Heap_lock - owner thread: 0x000001de7ce4c840

Heap address: 0x00000000c2e00000, size: 978 MB, Compressed Oops mode: 32-bit

CDS archive(s) mapped at: [0x0000000000000000-0x0000000000000000-0x0000000000000000), size 0, SharedBaseAddress: 0x0000000800000000, ArchiveRelocationMode: 1.
Narrow klass base: 0x0000000000000000, Narrow klass shift: 0, Narrow klass range: 0x0

GC Precious Log:
<Empty>

Heap:
 garbage-first heap   total 0K, used 0K [0x00000000c2e00000, 0x0000000100000000)
  region size 1024K, 0 young (0K), 0 survivors (0K)
 Metaspace       used 0K, committed 0K, reserved 0K
  class space    used 0K, committed 0K, reserved 0K

Heap Regions: E=young(eden), S=young(survivor), O=old, HS=humongous(starts), HC=humongous(continues), CS=collection set, F=free, OA=open archive, CA=closed archive, TAMS=top-at-mark-start (previous, next)

Card table byte_map: [0x000001de7d0f0000,0x000001de7d2e0000] _byte_map_base: 0x000001de7cad9000

Marking Bits (Prev, Next): (CMBitMap*) 0x000001de7ce8b1b0, (CMBitMap*) 0x000001de7ce8b1f0
 Prev Bits: [0x000001de7d4d0000, 0x000001de7e418000)
 Next Bits: [0x000001de7e420000, 0x000001de7f368000)

GC Heap History (0 events):
No events

Dll operation events (1 events):
Event: 0.016 Loaded shared library C:\Program Files\JetBrains\PyCharm 2023.3.4\jbr\bin\java.dll

Deoptimization events (0 events):
No events

Classes unloaded (0 events):
No events

Classes redefined (0 events):
No events

Internal exceptions (0 events):
No events

VM Operations (0 events):
No events

Events (0 events):
No events


Dynamic libraries:
0x00007ff766880000 - 0x00007ff76688a000 	C:\Program Files\JetBrains\PyCharm 2023.3.4\jbr\bin\java.exe
0x00007fff48f70000 - 0x00007fff49186000 	C:\windows\SYSTEM32\ntdll.dll
0x00007fff48060000 - 0x00007fff48124000 	C:\windows\System32\KERNEL32.DLL
0x00007fff463d0000 - 0x00007fff46776000 	C:\windows\System32\KERNELBASE.dll
0x00007fff462b0000 - 0x00007fff463c1000 	C:\windows\System32\ucrtbase.dll
0x00007fff1c120000 - 0x00007fff1c137000 	C:\Program Files\JetBrains\PyCharm 2023.3.4\jbr\bin\jli.dll
0x00007fff22ce0000 - 0x00007fff22cfb000 	C:\Program Files\JetBrains\PyCharm 2023.3.4\jbr\bin\VCRUNTIME140.dll
0x00007fff47a70000 - 0x00007fff47c1d000 	C:\windows\System32\USER32.dll
0x00007fff46a20000 - 0x00007fff46a46000 	C:\windows\System32\win32u.dll
0x00007fff304e0000 - 0x00007fff30773000 	C:\windows\WinSxS\amd64_microsoft.windows.common-controls_6595b64144ccf1df_6.0.22621.3235_none_270f74e173860f98\COMCTL32.dll
0x00007fff482b0000 - 0x00007fff482d9000 	C:\windows\System32\GDI32.dll
0x00007fff47e10000 - 0x00007fff47eb7000 	C:\windows\System32\msvcrt.dll
0x00007fff46a50000 - 0x00007fff46b68000 	C:\windows\System32\gdi32full.dll
0x00007fff46bf0000 - 0x00007fff46c8a000 	C:\windows\System32\msvcp_win.dll
0x00007fff48e90000 - 0x00007fff48ec1000 	C:\windows\System32\IMM32.DLL
0x00007fff2f340000 - 0x00007fff2f34c000 	C:\Program Files\JetBrains\PyCharm 2023.3.4\jbr\bin\vcruntime140_1.dll
0x00007ffee7a10000 - 0x00007ffee7a9d000 	C:\Program Files\JetBrains\PyCharm 2023.3.4\jbr\bin\msvcp140.dll
0x00007ffea0440000 - 0x00007ffea10c3000 	C:\Program Files\JetBrains\PyCharm 2023.3.4\jbr\bin\server\jvm.dll
0x00007fff47900000 - 0x00007fff479b2000 	C:\windows\System32\ADVAPI32.dll
0x00007fff479c0000 - 0x00007fff47a68000 	C:\windows\System32\sechost.dll
0x00007fff46c90000 - 0x00007fff46cb8000 	C:\windows\System32\bcrypt.dll
0x00007fff48190000 - 0x00007fff482a5000 	C:\windows\System32\RPCRT4.dll
0x00007fff2f180000 - 0x00007fff2f189000 	C:\windows\SYSTEM32\WSOCK32.dll
0x00007fff3ecc0000 - 0x00007fff3ecf4000 	C:\windows\SYSTEM32\WINMM.dll
0x00007fff46180000 - 0x00007fff461cd000 	C:\windows\SYSTEM32\POWRPROF.dll
0x00007fff3e7c0000 - 0x00007fff3e7ca000 	C:\windows\SYSTEM32\VERSION.dll
0x00007fff47c20000 - 0x00007fff47c91000 	C:\windows\System32\WS2_32.dll
0x00007fff46160000 - 0x00007fff46173000 	C:\windows\SYSTEM32\UMPDC.dll
0x00007fff452f0000 - 0x00007fff45308000 	C:\windows\SYSTEM32\kernel.appcore.dll
0x00007fff2f250000 - 0x00007fff2f25a000 	C:\Program Files\JetBrains\PyCharm 2023.3.4\jbr\bin\jimage.dll
0x00007fff43c40000 - 0x00007fff43e73000 	C:\windows\SYSTEM32\DBGHELP.DLL
0x00007fff47280000 - 0x00007fff47608000 	C:\windows\System32\combase.dll
0x00007fff48350000 - 0x00007fff48427000 	C:\windows\System32\OLEAUT32.dll
0x00007fff25500000 - 0x00007fff25532000 	C:\windows\SYSTEM32\dbgcore.DLL
0x00007fff46b70000 - 0x00007fff46bea000 	C:\windows\System32\bcryptPrimitives.dll
0x00007fff1c260000 - 0x00007fff1c285000 	C:\Program Files\JetBrains\PyCharm 2023.3.4\jbr\bin\java.dll

dbghelp: loaded successfully - version: 4.0.5 - missing functions: none
symbol engine: initialized successfully - sym options: 0x614 - pdb path: .;C:\Program Files\JetBrains\PyCharm 2023.3.4\jbr\bin;C:\windows\SYSTEM32;C:\windows\WinSxS\amd64_microsoft.windows.common-controls_6595b64144ccf1df_6.0.22621.3235_none_270f74e173860f98;C:\Program Files\JetBrains\PyCharm 2023.3.4\jbr\bin\server

VM Arguments:
java_command: git4idea.http.GitAskPassApp Username for 'https://github.com': 
java_class_path (initial): C:/Program Files/JetBrains/PyCharm 2023.3.4/plugins/vcs-git/lib/git4idea-rt.jar;C:/Program Files/JetBrains/PyCharm 2023.3.4/lib/externalProcess-rt.jar
Launcher Type: SUN_STANDARD

[Global flags]
     intx CICompilerCount                          = 3                                         {product} {ergonomic}
     uint ConcGCThreads                            = 1                                         {product} {ergonomic}
     uint G1ConcRefinementThreads                  = 4                                         {product} {ergonomic}
   size_t G1HeapRegionSize                         = 1048576                                   {product} {ergonomic}
    uintx GCDrainStackTargetSize                   = 64                                        {product} {ergonomic}
   size_t InitialHeapSize                          = 65011712                                  {product} {ergonomic}
   size_t MarkStackSize                            = 4194304                                   {product} {ergonomic}
   size_t MaxHeapSize                              = 1025507328                                {product} {ergonomic}
   size_t MinHeapDeltaBytes                        = 1048576                                   {product} {ergonomic}
   size_t MinHeapSize                              = 8388608                                   {product} {ergonomic}
    uintx NonNMethodCodeHeapSize                   = 5832780                                {pd product} {ergonomic}
    uintx NonProfiledCodeHeapSize                  = 122912730                              {pd product} {ergonomic}
    uintx ProfiledCodeHeapSize                     = 122912730                              {pd product} {ergonomic}
    uintx ReservedCodeCacheSize                    = 251658240                              {pd product} {ergonomic}
     bool SegmentedCodeCache                       = true                                      {product} {ergonomic}
   size_t SoftMaxHeapSize                          = 1025507328                             {manageable} {ergonomic}
     bool UseCompressedClassPointers               = true                           {product lp64_product} {ergonomic}
     bool UseCompressedOops                        = true                           {product lp64_product} {ergonomic}
     bool UseG1GC                                  = true                                      {product} {ergonomic}
     bool UseLargePagesIndividualAllocation        = false                                  {pd product} {ergonomic}

Logging:
Log output configuration:
 #0: stdout all=warning uptime,level,tags
 #1: stderr all=off uptime,level,tags

Environment Variables:
PATH=C:/Program Files/Git/mingw64/libexec/git-core;C:/Program Files/Git/mingw64/libexec/git-core;C:\Program Files\Git\mingw64\bin;C:\Program Files\Git\usr\bin;C:\Users\tolua\bin;C:\Users\tolua\Downloads\SrtFlaskWebsite\venv\Scripts;C:\Program Files\Python1\Scripts\;C:\Program Files\Python1\;C:\windows\system32;C:\windows;C:\windows\System32\Wbem;C:\windows\System32\WindowsPowerShell\v1.0\;C:\windows\System32\OpenSSH\;C:\Program Files\nodejs\;C:\Program Files\Git\cmd;C:\Users\tolua\AppData\Local\Programs\Python\Launcher\;C:\Users\tolua\AppData\Local\Microsoft\WindowsApps;C:\Users\tolua\AppData\Roaming\npm
USERNAME=tolua
DISPLAY=:0.0
LC_ALL=en_US.UTF-8
TERM=xterm-256color
TMPDIR=C:\Users\tolua\AppData\Local\Temp
OS=Windows_NT
PROCESSOR_IDENTIFIER=Intel64 Family 6 Model 122 Stepping 8, GenuineIntel
TMP=C:\Users\tolua\AppData\Local\Temp
TEMP=C:\Users\tolua\AppData\Local\Temp



Periodic native trim disabled

JNI global refs:
JNI global refs: 0, weak refs: 0

JNI global refs memory usage: 0, weak refs: 0

OOME stack traces (most recent first):
Classloader memory used:


---------------  S Y S T E M  ---------------

OS:
 Windows 11 , 64 bit Build 22621 (10.0.22621.3235)
OS uptime: 6 days 6:45 hours

CPU: total 4 (initial active 4) (4 cores per cpu, 1 threads per core) family 6 model 122 stepping 8 microcode 0x22, cx8, cmov, fxsr, mmx, 3dnowpref, sse, sse2, sse3, ssse3, sse4.1, sse4.2, popcnt, tsc, tscinvbit, aes, erms, clmul, sha, clflush, clflushopt
Processor Information for all 4 processors :
  Max Mhz: 1101, Current Mhz: 1101, Mhz Limit: 1101

Memory: 4k page, system-wide physical 3911M (376M free)
TotalPageFile size 11258M (AvailPageFile size 44M)
current process WorkingSet (physical memory assigned to process): 10M, peak: 10M
current process commit charge ("private bytes"): 51M, peak: 113M

vm_info: OpenJDK 64-Bit Server VM (17.0.10+1-b1087.17) for windows-amd64 JRE (17.0.10+1-b1087.17), built on 2024-01-19 by "builduser" with MS VC++ 16.10 / 16.11 (VS2019)

END.
