#
# There is insufficient memory for the Java Runtime Environment to continue.
# Native memory allocation (mmap) failed to map 65011712 bytes for G1 virtual space
# Possible reasons:
#   The system is out of physical RAM or swap space
#   The process is running with CompressedOops enabled, and the Java Heap may be blocking the growth of the native heap
# Possible solutions:
#   Reduce memory load on the system
#   Increase physical memory or swap space
#   Check if swap backing store is full
#   Decrease Java heap size (-Xmx/-Xms)
#   Decrease number of Java threads
#   Decrease Java thread stack sizes (-Xss)
#   Set larger code cache with -XX:ReservedCodeCacheSize=
#   JVM is running with Unscaled Compressed Oops mode in which the Java heap is
#     placed in the first 4GB address space. The Java Heap base address is the
#     maximum limit for the native heap growth. Please use -XX:HeapBaseMinAddress
#     to set the Java Heap base and to place the Java Heap above 4GB virtual address.
# This output file may be truncated or incomplete.
#
#  Out of Memory Error (os_windows.cpp:3825), pid=15420, tid=12672
#
# JRE version:  (17.0.10+1) (build )
# Java VM: OpenJDK 64-Bit Server VM (17.0.10+1-b1087.17, mixed mode, sharing, tiered, compressed oops, compressed class ptrs, g1 gc, windows-amd64)
# No core dump will be written. Minidumps are not enabled by default on client versions of Windows
#

---------------  S U M M A R Y ------------

Command Line: git4idea.http.GitAskPassApp Username for 'https://github.com': 

Host: Intel(R) Celeron(R) N4120 CPU @ 1.10GHz, 4 cores, 3G,  Windows 11 , 64 bit Build 22621 (10.0.22621.2215)
Time: Wed Mar 13 08:13:30 2024 Eastern Daylight Time elapsed time: 0.041038 seconds (0d 0h 0m 0s)

---------------  T H R E A D  ---------------

Current thread (0x000002ae35a05cc0):  JavaThread "Unknown thread" [_thread_in_vm, id=12672, stack(0x000000c032e00000,0x000000c032f00000)]

Stack: [0x000000c032e00000,0x000000c032f00000]
Native frames: (J=compiled Java code, j=interpreted, Vv=VM code, C=native code)
V  [jvm.dll+0x688ac9]
V  [jvm.dll+0x84220a]
V  [jvm.dll+0x843e4e]
V  [jvm.dll+0x8444b3]
V  [jvm.dll+0x24ba8f]
V  [jvm.dll+0x685899]
V  [jvm.dll+0x67a14a]
V  [jvm.dll+0x30c7eb]
V  [jvm.dll+0x313c96]
V  [jvm.dll+0x363a2e]
V  [jvm.dll+0x363c5f]
V  [jvm.dll+0x2e25b8]
V  [jvm.dll+0x2e3524]
V  [jvm.dll+0x812d71]
V  [jvm.dll+0x3718e1]
V  [jvm.dll+0x7f18d6]
V  [jvm.dll+0x3f553f]
V  [jvm.dll+0x3f7171]
C  [jli.dll+0x528f]
C  [ucrtbase.dll+0x29363]
C  [KERNEL32.DLL+0x1257d]
C  [ntdll.dll+0x5aa68]


---------------  P R O C E S S  ---------------

Threads class SMR info:
_java_thread_list=0x00007fff0ad5ef58, length=0, elements={
}

Java Threads: ( => current thread )

Other Threads:
  0x000002ae35a406f0 GCTaskThread "GC Thread#0" [stack: 0x000000c032f00000,0x000000c033000000] [id=5696]
  0x000002ae35a49080 ConcurrentGCThread "G1 Main Marker" [stack: 0x000000c033000000,0x000000c033100000] [id=7144]
  0x000002ae35a49aa0 ConcurrentGCThread "G1 Conc#0" [stack: 0x000000c033100000,0x000000c033200000] [id=3960]

[error occurred during error reporting (printing all threads), id 0xc0000005, EXCEPTION_ACCESS_VIOLATION (0xc0000005) at pc=0x00007fff0a513187]

VM state: not at safepoint (not fully initialized)

VM Mutex/Monitor currently owned by a thread:  ([mutex/lock_event])
[0x000002ae35a00240] Heap_lock - owner thread: 0x000002ae35a05cc0

Heap address: 0x00000000c2e00000, size: 978 MB, Compressed Oops mode: 32-bit

CDS archive(s) mapped at: [0x0000000000000000-0x0000000000000000-0x0000000000000000), size 0, SharedBaseAddress: 0x0000000800000000, ArchiveRelocationMode: 1.
Narrow klass base: 0x0000000000000000, Narrow klass shift: 0, Narrow klass range: 0x0

GC Precious Log:
<Empty>

Heap:
 garbage-first heap   total 0K, used 0K [0x00000000c2e00000, 0x0000000100000000)
  region size 1024K, 0 young (0K), 0 survivors (0K)
 Metaspace       used 0K, committed 0K, reserved 0K
  class space    used 0K, committed 0K, reserved 0K

Heap Regions: E=young(eden), S=young(survivor), O=old, HS=humongous(starts), HC=humongous(continues), CS=collection set, F=free, OA=open archive, CA=closed archive, TAMS=top-at-mark-start (previous, next)

Card table byte_map: [0x000002ae48370000,0x000002ae48560000] _byte_map_base: 0x000002ae47d59000

Marking Bits (Prev, Next): (CMBitMap*) 0x000002ae35a40d10, (CMBitMap*) 0x000002ae35a40d50
 Prev Bits: [0x000002ae48750000, 0x000002ae49698000)
 Next Bits: [0x000002ae496a0000, 0x000002ae4a5e8000)

GC Heap History (0 events):
No events

Dll operation events (1 events):
Event: 0.019 Loaded shared library C:\Program Files\JetBrains\PyCharm 2023.3.4\jbr\bin\java.dll

Deoptimization events (0 events):
No events

Classes unloaded (0 events):
No events

Classes redefined (0 events):
No events

Internal exceptions (0 events):
No events

VM Operations (0 events):
No events

Events (0 events):
No events


Dynamic libraries:
0x00007ff62ebc0000 - 0x00007ff62ebca000 	C:\Program Files\JetBrains\PyCharm 2023.3.4\jbr\bin\java.exe
0x00007fff89b30000 - 0x00007fff89d44000 	C:\windows\SYSTEM32\ntdll.dll
0x00007fff890d0000 - 0x00007fff89194000 	C:\windows\System32\KERNEL32.DLL
0x00007fff86ee0000 - 0x00007fff87284000 	C:\windows\System32\KERNELBASE.dll
0x00007fff877a0000 - 0x00007fff878b1000 	C:\windows\System32\ucrtbase.dll
0x00007fff720c0000 - 0x00007fff720d7000 	C:\Program Files\JetBrains\PyCharm 2023.3.4\jbr\bin\jli.dll
0x00007fff5f3c0000 - 0x00007fff5f3db000 	C:\Program Files\JetBrains\PyCharm 2023.3.4\jbr\bin\VCRUNTIME140.dll
0x00007fff88b00000 - 0x00007fff88cae000 	C:\windows\System32\USER32.dll
0x00007fff873b0000 - 0x00007fff873d6000 	C:\windows\System32\win32u.dll
0x00007fff6ba30000 - 0x00007fff6bcc3000 	C:\windows\WinSxS\amd64_microsoft.windows.common-controls_6595b64144ccf1df_6.0.22621.2215_none_270d72677387dfc3\COMCTL32.dll
0x00007fff899c0000 - 0x00007fff899e9000 	C:\windows\System32\GDI32.dll
0x00007fff873e0000 - 0x00007fff874f8000 	C:\windows\System32\gdi32full.dll
0x00007fff892d0000 - 0x00007fff89377000 	C:\windows\System32\msvcrt.dll
0x00007fff87290000 - 0x00007fff8732a000 	C:\windows\System32\msvcp_win.dll
0x00007fff89500000 - 0x00007fff89531000 	C:\windows\System32\IMM32.DLL
0x00007fff6f320000 - 0x00007fff6f32c000 	C:\Program Files\JetBrains\PyCharm 2023.3.4\jbr\bin\vcruntime140_1.dll
0x00007fff40d20000 - 0x00007fff40dad000 	C:\Program Files\JetBrains\PyCharm 2023.3.4\jbr\bin\msvcp140.dll
0x00007fff0a220000 - 0x00007fff0aea3000 	C:\Program Files\JetBrains\PyCharm 2023.3.4\jbr\bin\server\jvm.dll
0x00007fff899f0000 - 0x00007fff89aa0000 	C:\windows\System32\ADVAPI32.dll
0x00007fff89380000 - 0x00007fff89426000 	C:\windows\System32\sechost.dll
0x00007fff882b0000 - 0x00007fff883c7000 	C:\windows\System32\RPCRT4.dll
0x00007fff7d6a0000 - 0x00007fff7d6d4000 	C:\windows\SYSTEM32\WINMM.dll
0x00007fff80740000 - 0x00007fff80749000 	C:\windows\SYSTEM32\WSOCK32.dll
0x00007fff7c3b0000 - 0x00007fff7c3ba000 	C:\windows\SYSTEM32\VERSION.dll
0x00007fff86db0000 - 0x00007fff86dfd000 	C:\windows\SYSTEM32\POWRPROF.dll
0x00007fff88cb0000 - 0x00007fff88d21000 	C:\windows\System32\WS2_32.dll
0x00007fff86d90000 - 0x00007fff86da3000 	C:\windows\SYSTEM32\UMPDC.dll
0x00007fff85f30000 - 0x00007fff85f48000 	C:\windows\SYSTEM32\kernel.appcore.dll
0x00007fff77c20000 - 0x00007fff77c2a000 	C:\Program Files\JetBrains\PyCharm 2023.3.4\jbr\bin\jimage.dll
0x00007fff84b50000 - 0x00007fff84d7e000 	C:\windows\SYSTEM32\DBGHELP.DLL
0x00007fff88d40000 - 0x00007fff890ca000 	C:\windows\System32\combase.dll
0x00007fff88a00000 - 0x00007fff88ad7000 	C:\windows\System32\OLEAUT32.dll
0x00007fff6ec40000 - 0x00007fff6ec72000 	C:\windows\SYSTEM32\dbgcore.DLL
0x00007fff87330000 - 0x00007fff873aa000 	C:\windows\System32\bcryptPrimitives.dll
0x00007fff77bf0000 - 0x00007fff77c15000 	C:\Program Files\JetBrains\PyCharm 2023.3.4\jbr\bin\java.dll

dbghelp: loaded successfully - version: 4.0.5 - missing functions: none
symbol engine: initialized successfully - sym options: 0x614 - pdb path: .;C:\Program Files\JetBrains\PyCharm 2023.3.4\jbr\bin;C:\windows\SYSTEM32;C:\windows\WinSxS\amd64_microsoft.windows.common-controls_6595b64144ccf1df_6.0.22621.2215_none_270d72677387dfc3;C:\Program Files\JetBrains\PyCharm 2023.3.4\jbr\bin\server

VM Arguments:
java_command: git4idea.http.GitAskPassApp Username for 'https://github.com': 
java_class_path (initial): C:/Program Files/JetBrains/PyCharm 2023.3.4/plugins/vcs-git/lib/git4idea-rt.jar;C:/Program Files/JetBrains/PyCharm 2023.3.4/lib/externalProcess-rt.jar
Launcher Type: SUN_STANDARD

[Global flags]
     intx CICompilerCount                          = 3                                         {product} {ergonomic}
     uint ConcGCThreads                            = 1                                         {product} {ergonomic}
     uint G1ConcRefinementThreads                  = 4                                         {product} {ergonomic}
   size_t G1HeapRegionSize                         = 1048576                                   {product} {ergonomic}
    uintx GCDrainStackTargetSize                   = 64                                        {product} {ergonomic}
   size_t InitialHeapSize                          = 65011712                                  {product} {ergonomic}
   size_t MarkStackSize                            = 4194304                                   {product} {ergonomic}
   size_t MaxHeapSize                              = 1025507328                                {product} {ergonomic}
   size_t MinHeapDeltaBytes                        = 1048576                                   {product} {ergonomic}
   size_t MinHeapSize                              = 8388608                                   {product} {ergonomic}
    uintx NonNMethodCodeHeapSize                   = 5832780                                {pd product} {ergonomic}
    uintx NonProfiledCodeHeapSize                  = 122912730                              {pd product} {ergonomic}
    uintx ProfiledCodeHeapSize                     = 122912730                              {pd product} {ergonomic}
    uintx ReservedCodeCacheSize                    = 251658240                              {pd product} {ergonomic}
     bool SegmentedCodeCache                       = true                                      {product} {ergonomic}
   size_t SoftMaxHeapSize                          = 1025507328                             {manageable} {ergonomic}
     bool UseCompressedClassPointers               = true                           {product lp64_product} {ergonomic}
     bool UseCompressedOops                        = true                           {product lp64_product} {ergonomic}
     bool UseG1GC                                  = true                                      {product} {ergonomic}
     bool UseLargePagesIndividualAllocation        = false                                  {pd product} {ergonomic}

Logging:
Log output configuration:
 #0: stdout all=warning uptime,level,tags
 #1: stderr all=off uptime,level,tags

Environment Variables:
PATH=C:/Program Files/Git/mingw64/libexec/git-core;C:/Program Files/Git/mingw64/libexec/git-core;C:\Program Files\Git\mingw64\bin;C:\Program Files\Git\usr\bin;C:\Users\tolua\bin;C:\Users\tolua\Downloads\SrtFlaskWebsite\venv\Scripts;C:\Program Files\Python1\Scripts\;C:\Program Files\Python1\;C:\windows\system32;C:\windows;C:\windows\System32\Wbem;C:\windows\System32\WindowsPowerShell\v1.0\;C:\windows\System32\OpenSSH\;C:\Program Files\nodejs\;C:\Program Files\Git\cmd;C:\Users\tolua\AppData\Local\Programs\Python\Launcher\;C:\Users\tolua\AppData\Local\Microsoft\WindowsApps;C:\Users\tolua\AppData\Roaming\npm;C:\Users\tolua\AppData\Local\GitHubDesktop\bin
USERNAME=tolua
DISPLAY=:0.0
LC_ALL=en_US.UTF-8
TERM=xterm-256color
TMPDIR=C:\Users\tolua\AppData\Local\Temp
OS=Windows_NT
PROCESSOR_IDENTIFIER=Intel64 Family 6 Model 122 Stepping 8, GenuineIntel
TMP=C:\Users\tolua\AppData\Local\Temp
TEMP=C:\Users\tolua\AppData\Local\Temp



Periodic native trim disabled

JNI global refs:
JNI global refs: 0, weak refs: 0

JNI global refs memory usage: 0, weak refs: 0

OOME stack traces (most recent first):
Classloader memory used:


---------------  S Y S T E M  ---------------

OS:
 Windows 11 , 64 bit Build 22621 (10.0.22621.2215)
OS uptime: 1 days 16:56 hours

CPU: total 4 (initial active 4) (4 cores per cpu, 1 threads per core) family 6 model 122 stepping 8 microcode 0x22, cx8, cmov, fxsr, mmx, 3dnowpref, sse, sse2, sse3, ssse3, sse4.1, sse4.2, popcnt, tsc, tscinvbit, aes, erms, clmul, sha, clflush, clflushopt
Processor Information for all 4 processors :
  Max Mhz: 1101, Current Mhz: 1101, Mhz Limit: 1101

Memory: 4k page, system-wide physical 3911M (268M free)
TotalPageFile size 11258M (AvailPageFile size 60M)
current process WorkingSet (physical memory assigned to process): 10M, peak: 10M
current process commit charge ("private bytes"): 51M, peak: 113M

vm_info: OpenJDK 64-Bit Server VM (17.0.10+1-b1087.17) for windows-amd64 JRE (17.0.10+1-b1087.17), built on 2024-01-19 by "builduser" with MS VC++ 16.10 / 16.11 (VS2019)

END.
