#
# There is insufficient memory for the Java Runtime Environment to continue.
# Native memory allocation (mmap) failed to map 65536 bytes for Failed to commit metaspace.
# Possible reasons:
#   The system is out of physical RAM or swap space
#   The process is running with CompressedOops enabled, and the Java Heap may be blocking the growth of the native heap
# Possible solutions:
#   Reduce memory load on the system
#   Increase physical memory or swap space
#   Check if swap backing store is full
#   Decrease Java heap size (-Xmx/-Xms)
#   Decrease number of Java threads
#   Decrease Java thread stack sizes (-Xss)
#   Set larger code cache with -XX:ReservedCodeCacheSize=
#   JVM is running with Unscaled Compressed Oops mode in which the Java heap is
#     placed in the first 4GB address space. The Java Heap base address is the
#     maximum limit for the native heap growth. Please use -XX:HeapBaseMinAddress
#     to set the Java Heap base and to place the Java Heap above 4GB virtual address.
# This output file may be truncated or incomplete.
#
#  Out of Memory Error (virtualSpaceNode.cpp:110), pid=11504, tid=18952
#
# JRE version: OpenJDK Runtime Environment JBR-17.0.10+1-1087.17-jcef (17.0.10+1) (build 17.0.10+1-b1087.17)
# Java VM: OpenJDK 64-Bit Server VM JBR-17.0.10+1-1087.17-jcef (17.0.10+1-b1087.17, mixed mode, tiered, compressed oops, compressed class ptrs, g1 gc, windows-amd64)
# No core dump will be written. Minidumps are not enabled by default on client versions of Windows
#

---------------  S U M M A R Y ------------

Command Line: git4idea.http.GitAskPassApp Username for 'https://github.com': 

Host: Intel(R) Celeron(R) N4120 CPU @ 1.10GHz, 4 cores, 3G,  Windows 11 , 64 bit Build 22621 (10.0.22621.2215)
Time: Wed Mar 13 08:33:37 2024 Eastern Daylight Time elapsed time: 5.751995 seconds (0d 0h 0m 5s)

---------------  T H R E A D  ---------------

Current thread (0x0000016717f35790):  JavaThread "main" [_thread_in_vm, id=18952, stack(0x0000000100500000,0x0000000100600000)]

Stack: [0x0000000100500000,0x0000000100600000]
Native frames: (J=compiled Java code, j=interpreted, Vv=VM code, C=native code)
V  [jvm.dll+0x688ac9]
V  [jvm.dll+0x84220a]
V  [jvm.dll+0x843e4e]
V  [jvm.dll+0x8444b3]
V  [jvm.dll+0x24ba8f]
V  [jvm.dll+0x83d1eb]
V  [jvm.dll+0x62d0e6]
V  [jvm.dll+0x62d14a]
V  [jvm.dll+0x62f97a]
V  [jvm.dll+0x62da86]
V  [jvm.dll+0x63e9b9]
V  [jvm.dll+0x637c54]
V  [jvm.dll+0x388351]
C  0x00000167243bc62e

The last pc belongs to method entry point (kind = zerolocals) (printed below).
Java frames: (J=compiled Java code, j=interpreted, Vv=VM code)
j  sun.nio.fs.WindowsPathParser.isLetter(C)Z+0 java.base@17.0.10
j  sun.nio.fs.WindowsPathParser.parse(Ljava/lang/String;Z)Lsun/nio/fs/WindowsPathParser$Result;+197 java.base@17.0.10
j  sun.nio.fs.WindowsPathParser.parse(Ljava/lang/String;)Lsun/nio/fs/WindowsPathParser$Result;+2 java.base@17.0.10
j  sun.nio.fs.WindowsFileSystem.<init>(Lsun/nio/fs/WindowsFileSystemProvider;Ljava/lang/String;)V+10 java.base@17.0.10
j  sun.nio.fs.WindowsFileSystemProvider.<init>()V+13 java.base@17.0.10
j  sun.nio.fs.DefaultFileSystemProvider.<clinit>()V+4 java.base@17.0.10
v  ~StubRoutines::call_stub
j  java.util.zip.ZipFile$Source.<clinit>()V+38 java.base@17.0.10
v  ~StubRoutines::call_stub
j  java.util.zip.ZipFile$CleanableResource.<init>(Ljava/util/zip/ZipFile;Ljava/util/zip/ZipCoder;Ljava/io/File;I)V+56 java.base@17.0.10
j  java.util.zip.ZipFile.<init>(Ljava/io/File;ILjava/nio/charset/Charset;)V+123 java.base@17.0.10
j  java.util.zip.ZipFile.<init>(Ljava/io/File;I)V+6 java.base@17.0.10
j  java.util.jar.JarFile.<init>(Ljava/io/File;ZILjava/lang/Runtime$Version;)V+3 java.base@17.0.10
j  jdk.internal.loader.URLClassPath$JarLoader.getJarFile(Ljava/net/URL;)Ljava/util/jar/JarFile;+56 java.base@17.0.10
j  jdk.internal.loader.URLClassPath$JarLoader$1.run()Ljava/lang/Void;+55 java.base@17.0.10
j  jdk.internal.loader.URLClassPath$JarLoader$1.run()Ljava/lang/Object;+1 java.base@17.0.10
j  java.security.AccessController.executePrivileged(Ljava/security/PrivilegedExceptionAction;Ljava/security/AccessControlContext;Ljava/lang/Class;)Ljava/lang/Object;+29 java.base@17.0.10
j  java.security.AccessController.doPrivileged(Ljava/security/PrivilegedExceptionAction;Ljava/security/AccessControlContext;)Ljava/lang/Object;+13 java.base@17.0.10
j  jdk.internal.loader.URLClassPath$JarLoader.ensureOpen()V+19 java.base@17.0.10
j  jdk.internal.loader.URLClassPath$JarLoader.<init>(Ljava/net/URL;Ljava/net/URLStreamHandler;Ljava/util/HashMap;Ljava/security/AccessControlContext;)V+63 java.base@17.0.10
j  jdk.internal.loader.URLClassPath$3.run()Ljdk/internal/loader/URLClassPath$Loader;+168 java.base@17.0.10
j  jdk.internal.loader.URLClassPath$3.run()Ljava/lang/Object;+1 java.base@17.0.10
j  java.security.AccessController.executePrivileged(Ljava/security/PrivilegedExceptionAction;Ljava/security/AccessControlContext;Ljava/lang/Class;)Ljava/lang/Object;+29 java.base@17.0.10
j  java.security.AccessController.doPrivileged(Ljava/security/PrivilegedExceptionAction;Ljava/security/AccessControlContext;)Ljava/lang/Object;+13 java.base@17.0.10
j  jdk.internal.loader.URLClassPath.getLoader(Ljava/net/URL;)Ljdk/internal/loader/URLClassPath$Loader;+13 java.base@17.0.10
j  jdk.internal.loader.URLClassPath.getLoader(I)Ljdk/internal/loader/URLClassPath$Loader;+81 java.base@17.0.10
j  jdk.internal.loader.URLClassPath.getResource(Ljava/lang/String;Z)Ljdk/internal/loader/Resource;+42 java.base@17.0.10
j  jdk.internal.loader.BuiltinClassLoader.findClassOnClassPathOrNull(Ljava/lang/String;)Ljava/lang/Class;+26 java.base@17.0.10
j  jdk.internal.loader.BuiltinClassLoader.loadClassOrNull(Ljava/lang/String;Z)Ljava/lang/Class;+111 java.base@17.0.10
j  jdk.internal.loader.BuiltinClassLoader.loadClass(Ljava/lang/String;Z)Ljava/lang/Class;+3 java.base@17.0.10
j  jdk.internal.loader.ClassLoaders$AppClassLoader.loadClass(Ljava/lang/String;Z)Ljava/lang/Class;+36 java.base@17.0.10
j  java.lang.ClassLoader.loadClass(Ljava/lang/String;)Ljava/lang/Class;+3 java.base@17.0.10
v  ~StubRoutines::call_stub
j  java.lang.Class.forName0(Ljava/lang/String;ZLjava/lang/ClassLoader;Ljava/lang/Class;)Ljava/lang/Class;+0 java.base@17.0.10
j  java.lang.Class.forName(Ljava/lang/String;ZLjava/lang/ClassLoader;)Ljava/lang/Class;+43 java.base@17.0.10
j  sun.launcher.LauncherHelper.loadMainClass(ILjava/lang/String;)Ljava/lang/Class;+95 java.base@17.0.10
j  sun.launcher.LauncherHelper.checkAndLoadMain(ZILjava/lang/String;)Ljava/lang/Class;+42 java.base@17.0.10
v  ~StubRoutines::call_stub
method entry point (kind = zerolocals)  [0x00000167243bc460, 0x00000167243bc800]  928 bytes
[MachCode]
  0x00000167243bc460: 488b 5308 | 0fb7 4a2c | 0fb7 522a | 2bd1 81fa | f501 0000 | 0f86 2500 | 0000 488b | c248 c1e0 
  0x00000167243bc480: 0348 83c0 | 5849 0387 | c003 0000 | 483b e00f | 870a 0000 | 0058 498b | e550 e9e1 | c3ff ff58 
  0x00000167243bc4a0: 4c8d 74cc | f885 d20f | 8e09 0000 | 0068 0000 | 0000 ffca | 7ff7 5055 | 488b ec41 | 5568 0000 
  0x00000167243bc4c0: 0000 4c8b | 6b08 4d8d | 6d30 5348 | 8b53 0848 | 8b52 0848 | 8b52 1848 | 8b52 7048 | 8b12 5248 
  0x00000167243bc4e0: 8b53 1048 | 85d2 0f84 | 0700 0000 | 4881 c208 | 0100 0052 | 488b 5308 | 488b 5208 | 488b 5210 
  0x00000167243bc500: 5241 5641 | 5568 0000 | 0000 4889 | 2424 41c6 | 8779 0300 | 0001 488b | 45d8 4885 | c00f 848d 
  0x00000167243bc520: 0000 008b | 48fc 85c9 | 0f88 8200 | 0000 4803 | c148 8b48 | 0848 83e9 | 0248 8b54 | c810 48f7 
  0x00000167243bc540: da49 8b14 | d648 85d2 | 7508 4883 | 4cc8 1801 | eb58 8b52 | 0849 ba00 | 0000 3167 | 0100 0049 
  0x00000167243bc560: 03d2 4833 | 54c8 1848 | f7c2 fcff | ffff 743a | 48f7 c202 | 0000 0075 | 3148 817c | c818 0000 
  0x00000167243bc580: 0000 7421 | 4881 7cc8 | 1801 0000 | 0074 1648 | 3354 c818 | 48f7 c2fc | ffff ff74 | 0d48 834c 
  0x00000167243bc5a0: c818 02eb | 0548 8954 | c818 4883 | e902 7989 | 488b 4310 | 4885 c074 | 208b 88cc | 0000 0083 
  0x00000167243bc5c0: c102 8988 | cc00 0000 | 2388 e000 | 0000 0f84 | 7201 0000 | e9cb 0000 | 0048 8b43 | 1848 85c0 
  0x00000167243bc5e0: 0f85 ac00 | 0000 e805 | 0000 00e9 | 9500 0000 | 488b d348 | 8d44 2408 | 4c89 6dc0 | 498b cf49 
  0x00000167243bc600: 89af a802 | 0000 4989 | 8798 0200 | 0048 83ec | 20f7 c40f | 0000 000f | 841a 0000 | 0048 83ec 
  0x00000167243bc620: 0849 ba30 | 835a 0aff | 7f00 0041 | ffd2 4883 | c408 e90d | 0000 0049 | ba30 835a | 0aff 7f00 
  0x00000167243bc640: 0041 ffd2 | 4883 c420 | 49c7 8798 | 0200 0000 | 0000 0049 | c787 a802 | 0000 0000 | 0000 49c7 
  0x00000167243bc660: 87a0 0200 | 0000 0000 | 0049 817f | 0800 0000 | 000f 8405 | 0000 00e9 | 8448 ffff | 4c8b 6dc0 
  0x00000167243bc680: 4c8b 75c8 | c348 8b43 | 1848 85c0 | 0f84 1200 | 0000 8b48 | 0883 c102 | 8948 0823 | 4820 0f84 
  0x00000167243bc6a0: a200 0000 | 8984 2400 | f0ff ff89 | 8424 00e0 | ffff 8984 | 2400 d0ff | ff89 8424 | 00c0 ffff 
  0x00000167243bc6c0: 8984 2400 | b0ff ff89 | 8424 00a0 | ffff 8984 | 2400 90ff | ff41 c687 | 7903 0000 | 0049 ba88 
  0x00000167243bc6e0: 39db 0aff | 7f00 0041 | 803a 000f | 8442 0000 | 0048 8b55 | e849 8bcf | 4883 ec20 | f7c4 0f00 
  0x00000167243bc700: 0000 0f84 | 1a00 0000 | 4883 ec08 | 49ba 70f1 | 900a ff7f | 0000 41ff | d248 83c4 | 08e9 0d00 
  0x00000167243bc720: 0000 49ba | 70f1 900a | ff7f 0000 | 41ff d248 | 83c4 2041 | 0fb6 5d00 | 49ba 80ae | dd0a ff7f 
  0x00000167243bc740: 0000 41ff | 24da ba00 | 0000 00e8 | 0500 0000 | e992 0000 | 0048 8d44 | 2408 4c89 | 6dc0 498b 
  0x00000167243bc760: cf49 89af | a802 0000 | 4989 8798 | 0200 0048 | 83ec 20f7 | c40f 0000 | 000f 841a | 0000 0048 
  0x00000167243bc780: 83ec 0849 | ba20 8e5a | 0aff 7f00 | 0041 ffd2 | 4883 c408 | e90d 0000 | 0049 ba20 | 8e5a 0aff 
  0x00000167243bc7a0: 7f00 0041 | ffd2 4883 | c420 49c7 | 8798 0200 | 0000 0000 | 0049 c787 | a802 0000 | 0000 0000 
  0x00000167243bc7c0: 49c7 87a0 | 0200 0000 | 0000 0049 | 817f 0800 | 0000 000f | 8405 0000 | 00e9 2247 | ffff 4c8b 
  0x00000167243bc7e0: 6dc0 4c8b | 75c8 c348 | 8b5d e8e9 | b4fe ffff | 0000 0000 | 0000 0000 | 0000 0000 | 0000 0000 
[/MachCode]

---------------  P R O C E S S  ---------------

Threads class SMR info:
_java_thread_list=0x000001677135e460, length=12, elements={
0x0000016717f35790, 0x0000016730efd180, 0x0000016730eff010, 0x0000016730f1e0f0,
0x0000016730f1fd20, 0x0000016730f206e0, 0x0000016730f75500, 0x0000016730f761f0,
0x0000016730f79450, 0x0000016730f8b9e0, 0x0000016771361530, 0x00000167713732b0
}

Java Threads: ( => current thread )
=>0x0000016717f35790 JavaThread "main" [_thread_in_vm, id=18952, stack(0x0000000100500000,0x0000000100600000)]
  0x0000016730efd180 JavaThread "Reference Handler" daemon [_thread_blocked, id=3000, stack(0x0000000100c00000,0x0000000100d00000)]
  0x0000016730eff010 JavaThread "Finalizer" daemon [_thread_blocked, id=10904, stack(0x0000000100d00000,0x0000000100e00000)]
  0x0000016730f1e0f0 JavaThread "Signal Dispatcher" daemon [_thread_blocked, id=14940, stack(0x0000000100e00000,0x0000000100f00000)]
  0x0000016730f1fd20 JavaThread "Attach Listener" daemon [_thread_blocked, id=15784, stack(0x0000000100f00000,0x0000000101000000)]
  0x0000016730f206e0 JavaThread "Service Thread" daemon [_thread_blocked, id=12084, stack(0x0000000101000000,0x0000000101100000)]
  0x0000016730f75500 JavaThread "Monitor Deflation Thread" daemon [_thread_blocked, id=9800, stack(0x0000000101100000,0x0000000101200000)]
  0x0000016730f761f0 JavaThread "C2 CompilerThread0" daemon [_thread_blocked, id=12636, stack(0x0000000101200000,0x0000000101300000)]
  0x0000016730f79450 JavaThread "C1 CompilerThread0" daemon [_thread_blocked, id=10956, stack(0x0000000101300000,0x0000000101400000)]
  0x0000016730f8b9e0 JavaThread "Sweeper thread" daemon [_thread_blocked, id=16844, stack(0x0000000101400000,0x0000000101500000)]
  0x0000016771361530 JavaThread "Notification Thread" daemon [_thread_blocked, id=19452, stack(0x0000000101500000,0x0000000101600000)]
  0x00000167713732b0 JavaThread "Common-Cleaner" daemon [_thread_blocked, id=18020, stack(0x0000000101700000,0x0000000101800000)]

Other Threads:
  0x0000016730ef6cb0 VMThread "VM Thread" [stack: 0x0000000100b00000,0x0000000100c00000] [id=12712]
  0x0000016771373010 WatcherThread [stack: 0x0000000101600000,0x0000000101700000] [id=10396]
  0x0000016717f70170 GCTaskThread "GC Thread#0" [stack: 0x0000000100600000,0x0000000100700000] [id=19060]
  0x0000016717f7b2b0 ConcurrentGCThread "G1 Main Marker" [stack: 0x0000000100700000,0x0000000100800000] [id=8148]
  0x0000016717f7bcd0 ConcurrentGCThread "G1 Conc#0" [stack: 0x0000000100800000,0x0000000100900000] [id=11640]
  0x0000016717fb9f50 ConcurrentGCThread "G1 Refine#0" [stack: 0x0000000100900000,0x0000000100a00000] [id=5576]
  0x0000016717fba980 ConcurrentGCThread "G1 Service" [stack: 0x0000000100a00000,0x0000000100b00000] [id=10360]

Threads with active compile tasks:

VM state: not at safepoint (normal execution)

VM Mutex/Monitor currently owned by a thread:  ([mutex/lock_event])
[0x0000016717f2ef90] Metaspace_lock - owner thread: 0x0000016717f35790

Heap address: 0x00000000c2e00000, size: 978 MB, Compressed Oops mode: 32-bit

CDS archive(s) not mapped
Compressed class space mapped at: 0x0000016731000000-0x0000016771000000, reserved size: 1073741824
Narrow klass base: 0x0000016731000000, Narrow klass shift: 0, Narrow klass range: 0x40000000

GC Precious Log:
 CPUs: 4 total, 4 available
 Memory: 3911M
 Large Page Support: Disabled
 NUMA Support: Disabled
 Compressed Oops: Enabled (32-bit)
 Heap Region Size: 1M
 Heap Min Capacity: 8M
 Heap Initial Capacity: 62M
 Heap Max Capacity: 978M
 Pre-touch: Disabled
 Parallel Workers: 4
 Concurrent Workers: 1
 Concurrent Refinement Workers: 4
 Periodic GC: Disabled

Heap:
 garbage-first heap   total 63488K, used 1024K [0x00000000c2e00000, 0x0000000100000000)
  region size 1024K, 2 young (2048K), 0 survivors (0K)
 Metaspace       used 4112K, committed 4160K, reserved 1114112K
  class space    used 336K, committed 384K, reserved 1048576K

Heap Regions: E=young(eden), S=young(survivor), O=old, HS=humongous(starts), HC=humongous(continues), CS=collection set, F=free, OA=open archive, CA=closed archive, TAMS=top-at-mark-start (previous, next)
|   0|0x00000000c2e00000, 0x00000000c2e00000, 0x00000000c2f00000|  0%| F|  |TAMS 0x00000000c2e00000, 0x00000000c2e00000| Untracked 
|   1|0x00000000c2f00000, 0x00000000c2f00000, 0x00000000c3000000|  0%| F|  |TAMS 0x00000000c2f00000, 0x00000000c2f00000| Untracked 
|   2|0x00000000c3000000, 0x00000000c3000000, 0x00000000c3100000|  0%| F|  |TAMS 0x00000000c3000000, 0x00000000c3000000| Untracked 
|   3|0x00000000c3100000, 0x00000000c3100000, 0x00000000c3200000|  0%| F|  |TAMS 0x00000000c3100000, 0x00000000c3100000| Untracked 
|   4|0x00000000c3200000, 0x00000000c3200000, 0x00000000c3300000|  0%| F|  |TAMS 0x00000000c3200000, 0x00000000c3200000| Untracked 
|   5|0x00000000c3300000, 0x00000000c3300000, 0x00000000c3400000|  0%| F|  |TAMS 0x00000000c3300000, 0x00000000c3300000| Untracked 
|   6|0x00000000c3400000, 0x00000000c3400000, 0x00000000c3500000|  0%| F|  |TAMS 0x00000000c3400000, 0x00000000c3400000| Untracked 
|   7|0x00000000c3500000, 0x00000000c3500000, 0x00000000c3600000|  0%| F|  |TAMS 0x00000000c3500000, 0x00000000c3500000| Untracked 
|   8|0x00000000c3600000, 0x00000000c3600000, 0x00000000c3700000|  0%| F|  |TAMS 0x00000000c3600000, 0x00000000c3600000| Untracked 
|   9|0x00000000c3700000, 0x00000000c3700000, 0x00000000c3800000|  0%| F|  |TAMS 0x00000000c3700000, 0x00000000c3700000| Untracked 
|  10|0x00000000c3800000, 0x00000000c3800000, 0x00000000c3900000|  0%| F|  |TAMS 0x00000000c3800000, 0x00000000c3800000| Untracked 
|  11|0x00000000c3900000, 0x00000000c3900000, 0x00000000c3a00000|  0%| F|  |TAMS 0x00000000c3900000, 0x00000000c3900000| Untracked 
|  12|0x00000000c3a00000, 0x00000000c3a00000, 0x00000000c3b00000|  0%| F|  |TAMS 0x00000000c3a00000, 0x00000000c3a00000| Untracked 
|  13|0x00000000c3b00000, 0x00000000c3b00000, 0x00000000c3c00000|  0%| F|  |TAMS 0x00000000c3b00000, 0x00000000c3b00000| Untracked 
|  14|0x00000000c3c00000, 0x00000000c3c00000, 0x00000000c3d00000|  0%| F|  |TAMS 0x00000000c3c00000, 0x00000000c3c00000| Untracked 
|  15|0x00000000c3d00000, 0x00000000c3d00000, 0x00000000c3e00000|  0%| F|  |TAMS 0x00000000c3d00000, 0x00000000c3d00000| Untracked 
|  16|0x00000000c3e00000, 0x00000000c3e00000, 0x00000000c3f00000|  0%| F|  |TAMS 0x00000000c3e00000, 0x00000000c3e00000| Untracked 
|  17|0x00000000c3f00000, 0x00000000c3f00000, 0x00000000c4000000|  0%| F|  |TAMS 0x00000000c3f00000, 0x00000000c3f00000| Untracked 
|  18|0x00000000c4000000, 0x00000000c4000000, 0x00000000c4100000|  0%| F|  |TAMS 0x00000000c4000000, 0x00000000c4000000| Untracked 
|  19|0x00000000c4100000, 0x00000000c4100000, 0x00000000c4200000|  0%| F|  |TAMS 0x00000000c4100000, 0x00000000c4100000| Untracked 
|  20|0x00000000c4200000, 0x00000000c4200000, 0x00000000c4300000|  0%| F|  |TAMS 0x00000000c4200000, 0x00000000c4200000| Untracked 
|  21|0x00000000c4300000, 0x00000000c4300000, 0x00000000c4400000|  0%| F|  |TAMS 0x00000000c4300000, 0x00000000c4300000| Untracked 
|  22|0x00000000c4400000, 0x00000000c4400000, 0x00000000c4500000|  0%| F|  |TAMS 0x00000000c4400000, 0x00000000c4400000| Untracked 
|  23|0x00000000c4500000, 0x00000000c4500000, 0x00000000c4600000|  0%| F|  |TAMS 0x00000000c4500000, 0x00000000c4500000| Untracked 
|  24|0x00000000c4600000, 0x00000000c4600000, 0x00000000c4700000|  0%| F|  |TAMS 0x00000000c4600000, 0x00000000c4600000| Untracked 
|  25|0x00000000c4700000, 0x00000000c4700000, 0x00000000c4800000|  0%| F|  |TAMS 0x00000000c4700000, 0x00000000c4700000| Untracked 
|  26|0x00000000c4800000, 0x00000000c4800000, 0x00000000c4900000|  0%| F|  |TAMS 0x00000000c4800000, 0x00000000c4800000| Untracked 
|  27|0x00000000c4900000, 0x00000000c4900000, 0x00000000c4a00000|  0%| F|  |TAMS 0x00000000c4900000, 0x00000000c4900000| Untracked 
|  28|0x00000000c4a00000, 0x00000000c4a00000, 0x00000000c4b00000|  0%| F|  |TAMS 0x00000000c4a00000, 0x00000000c4a00000| Untracked 
|  29|0x00000000c4b00000, 0x00000000c4b00000, 0x00000000c4c00000|  0%| F|  |TAMS 0x00000000c4b00000, 0x00000000c4b00000| Untracked 
|  30|0x00000000c4c00000, 0x00000000c4c00000, 0x00000000c4d00000|  0%| F|  |TAMS 0x00000000c4c00000, 0x00000000c4c00000| Untracked 
|  31|0x00000000c4d00000, 0x00000000c4d00000, 0x00000000c4e00000|  0%| F|  |TAMS 0x00000000c4d00000, 0x00000000c4d00000| Untracked 
|  32|0x00000000c4e00000, 0x00000000c4e00000, 0x00000000c4f00000|  0%| F|  |TAMS 0x00000000c4e00000, 0x00000000c4e00000| Untracked 
|  33|0x00000000c4f00000, 0x00000000c4f00000, 0x00000000c5000000|  0%| F|  |TAMS 0x00000000c4f00000, 0x00000000c4f00000| Untracked 
|  34|0x00000000c5000000, 0x00000000c5000000, 0x00000000c5100000|  0%| F|  |TAMS 0x00000000c5000000, 0x00000000c5000000| Untracked 
|  35|0x00000000c5100000, 0x00000000c5100000, 0x00000000c5200000|  0%| F|  |TAMS 0x00000000c5100000, 0x00000000c5100000| Untracked 
|  36|0x00000000c5200000, 0x00000000c5200000, 0x00000000c5300000|  0%| F|  |TAMS 0x00000000c5200000, 0x00000000c5200000| Untracked 
|  37|0x00000000c5300000, 0x00000000c5300000, 0x00000000c5400000|  0%| F|  |TAMS 0x00000000c5300000, 0x00000000c5300000| Untracked 
|  38|0x00000000c5400000, 0x00000000c5400000, 0x00000000c5500000|  0%| F|  |TAMS 0x00000000c5400000, 0x00000000c5400000| Untracked 
|  39|0x00000000c5500000, 0x00000000c5500000, 0x00000000c5600000|  0%| F|  |TAMS 0x00000000c5500000, 0x00000000c5500000| Untracked 
|  40|0x00000000c5600000, 0x00000000c5600000, 0x00000000c5700000|  0%| F|  |TAMS 0x00000000c5600000, 0x00000000c5600000| Untracked 
|  41|0x00000000c5700000, 0x00000000c5700000, 0x00000000c5800000|  0%| F|  |TAMS 0x00000000c5700000, 0x00000000c5700000| Untracked 
|  42|0x00000000c5800000, 0x00000000c5800000, 0x00000000c5900000|  0%| F|  |TAMS 0x00000000c5800000, 0x00000000c5800000| Untracked 
|  43|0x00000000c5900000, 0x00000000c5900000, 0x00000000c5a00000|  0%| F|  |TAMS 0x00000000c5900000, 0x00000000c5900000| Untracked 
|  44|0x00000000c5a00000, 0x00000000c5a00000, 0x00000000c5b00000|  0%| F|  |TAMS 0x00000000c5a00000, 0x00000000c5a00000| Untracked 
|  45|0x00000000c5b00000, 0x00000000c5b00000, 0x00000000c5c00000|  0%| F|  |TAMS 0x00000000c5b00000, 0x00000000c5b00000| Untracked 
|  46|0x00000000c5c00000, 0x00000000c5c00000, 0x00000000c5d00000|  0%| F|  |TAMS 0x00000000c5c00000, 0x00000000c5c00000| Untracked 
|  47|0x00000000c5d00000, 0x00000000c5d00000, 0x00000000c5e00000|  0%| F|  |TAMS 0x00000000c5d00000, 0x00000000c5d00000| Untracked 
|  48|0x00000000c5e00000, 0x00000000c5e00000, 0x00000000c5f00000|  0%| F|  |TAMS 0x00000000c5e00000, 0x00000000c5e00000| Untracked 
|  49|0x00000000c5f00000, 0x00000000c5f00000, 0x00000000c6000000|  0%| F|  |TAMS 0x00000000c5f00000, 0x00000000c5f00000| Untracked 
|  50|0x00000000c6000000, 0x00000000c6000000, 0x00000000c6100000|  0%| F|  |TAMS 0x00000000c6000000, 0x00000000c6000000| Untracked 
|  51|0x00000000c6100000, 0x00000000c6100000, 0x00000000c6200000|  0%| F|  |TAMS 0x00000000c6100000, 0x00000000c6100000| Untracked 
|  52|0x00000000c6200000, 0x00000000c6200000, 0x00000000c6300000|  0%| F|  |TAMS 0x00000000c6200000, 0x00000000c6200000| Untracked 
|  53|0x00000000c6300000, 0x00000000c6300000, 0x00000000c6400000|  0%| F|  |TAMS 0x00000000c6300000, 0x00000000c6300000| Untracked 
|  54|0x00000000c6400000, 0x00000000c6400000, 0x00000000c6500000|  0%| F|  |TAMS 0x00000000c6400000, 0x00000000c6400000| Untracked 
|  55|0x00000000c6500000, 0x00000000c6500000, 0x00000000c6600000|  0%| F|  |TAMS 0x00000000c6500000, 0x00000000c6500000| Untracked 
|  56|0x00000000c6600000, 0x00000000c6600000, 0x00000000c6700000|  0%| F|  |TAMS 0x00000000c6600000, 0x00000000c6600000| Untracked 
|  57|0x00000000c6700000, 0x00000000c6700000, 0x00000000c6800000|  0%| F|  |TAMS 0x00000000c6700000, 0x00000000c6700000| Untracked 
|  58|0x00000000c6800000, 0x00000000c6800000, 0x00000000c6900000|  0%| F|  |TAMS 0x00000000c6800000, 0x00000000c6800000| Untracked 
|  59|0x00000000c6900000, 0x00000000c6900000, 0x00000000c6a00000|  0%| F|  |TAMS 0x00000000c6900000, 0x00000000c6900000| Untracked 
|  60|0x00000000c6a00000, 0x00000000c6a43108, 0x00000000c6b00000| 26%| E|  |TAMS 0x00000000c6a00000, 0x00000000c6a00000| Complete 
|  61|0x00000000c6b00000, 0x00000000c6c00000, 0x00000000c6c00000|100%| E|CS|TAMS 0x00000000c6b00000, 0x00000000c6b00000| Complete 

Card table byte_map: [0x000001672c6a0000,0x000001672c890000] _byte_map_base: 0x000001672c089000

Marking Bits (Prev, Next): (CMBitMap*) 0x0000016717f70790, (CMBitMap*) 0x0000016717f707d0
 Prev Bits: [0x000001672ca80000, 0x000001672d9c8000)
 Next Bits: [0x000001672d9d0000, 0x000001672e918000)

Polling page: 0x000001671ce60000

Metaspace:

Usage:
  Non-class:      3.69 MB used.
      Class:    336.66 KB used.
       Both:      4.02 MB used.

Virtual space:
  Non-class space:       64.00 MB reserved,       3.69 MB (  6%) committed,  1 nodes.
      Class space:        1.00 GB reserved,     384.00 KB ( <1%) committed,  1 nodes.
             Both:        1.06 GB reserved,       4.06 MB ( <1%) committed. 

Chunk freelists:
   Non-Class:  12.00 MB
       Class:  15.62 MB
        Both:  27.62 MB

MaxMetaspaceSize: unlimited
CompressedClassSpaceSize: 1.00 GB
Initial GC threshold: 21.00 MB
Current GC threshold: 21.00 MB
CDS: off
MetaspaceReclaimPolicy: balanced
 - commit_granule_bytes: 65536.
 - commit_granule_words: 8192.
 - virtual_space_node_default_size: 8388608.
 - enlarge_chunks_in_place: 1.
 - new_chunks_are_fully_committed: 0.
 - uncommit_free_chunks: 1.
 - use_allocation_guard: 0.
 - handle_deallocations: 1.


Internal statistics:

num_allocs_failed_limit: 0.
num_arena_births: 2.
num_arena_deaths: 0.
num_vsnodes_births: 2.
num_vsnodes_deaths: 0.
num_space_committed: 65.
num_space_uncommitted: 0.
num_chunks_returned_to_freelist: 0.
num_chunks_taken_from_freelist: 4.
num_chunk_merges: 0.
num_chunk_splits: 2.
num_chunks_enlarged: 0.
num_inconsistent_stats: 0.

CodeHeap 'non-profiled nmethods': size=120000Kb used=11Kb max_used=11Kb free=119988Kb
 bounds [0x0000016724950000, 0x0000016724bc0000, 0x000001672be80000]
CodeHeap 'profiled nmethods': size=120000Kb used=94Kb max_used=94Kb free=119906Kb
 bounds [0x000001671ce80000, 0x000001671d0f0000, 0x00000167243b0000]
CodeHeap 'non-nmethods': size=5760Kb used=1031Kb max_used=1035Kb free=4729Kb
 bounds [0x00000167243b0000, 0x0000016724620000, 0x0000016724950000]
 total_blobs=357 nmethods=70 adapters=201
 compilation: enabled
              stopped_count=0, restarted_count=0
 full_count=0

Compilation events (20 events):
Event: 5.690 Thread 0x0000016730f79450   55       1       java.lang.module.ResolvedModule::reference (5 bytes)
Event: 5.690 Thread 0x0000016730f79450 nmethod 55 0x0000016724952690 code [0x0000016724952820, 0x00000167249528f8]
Event: 5.691 Thread 0x0000016730f79450   62       3       jdk.internal.module.ModuleReferenceImpl::hashCode (56 bytes)
Event: 5.691 Thread 0x0000016730f79450 nmethod 62 0x000001671ce94d90 code [0x000001671ce94f80, 0x000001671ce95408]
Event: 5.691 Thread 0x0000016730f79450   63       3       java.util.ImmutableCollections$Set12$1::next (95 bytes)
Event: 5.692 Thread 0x0000016730f79450 nmethod 63 0x000001671ce95590 code [0x000001671ce95740, 0x000001671ce959c8]
Event: 5.692 Thread 0x0000016730f79450   64       1       java.lang.module.ModuleDescriptor::isAutomatic (5 bytes)
Event: 5.692 Thread 0x0000016730f79450 nmethod 64 0x0000016724952990 code [0x0000016724952b20, 0x0000016724952bf8]
Event: 5.694 Thread 0x0000016730f79450   65       3       java.util.ImmutableCollections$Set12::iterator (9 bytes)
Event: 5.695 Thread 0x0000016730f79450 nmethod 65 0x000001671ce95b10 code [0x000001671ce95cc0, 0x000001671ce95fb8]
Event: 5.695 Thread 0x0000016730f79450   66       3       java.util.ImmutableCollections$Set12$1::<init> (32 bytes)
Event: 5.695 Thread 0x0000016730f79450 nmethod 66 0x000001671ce96090 code [0x000001671ce96240, 0x000001671ce96478]
Event: 5.695 Thread 0x0000016730f79450   67       1       java.util.ImmutableCollections$Set12::isEmpty (2 bytes)
Event: 5.695 Thread 0x0000016730f79450 nmethod 67 0x0000016724952c90 code [0x0000016724952e20, 0x0000016724952ef8]
Event: 5.720 Thread 0x0000016730f79450   68       3       java.lang.StringBuilder::append (8 bytes)
Event: 5.721 Thread 0x0000016730f79450 nmethod 68 0x000001671ce96590 code [0x000001671ce96720, 0x000001671ce96868]
Event: 5.721 Thread 0x0000016730f79450   69       3       java.lang.AbstractStringBuilder::append (77 bytes)
Event: 5.722 Thread 0x0000016730f79450 nmethod 69 0x000001671ce96910 code [0x000001671ce96b20, 0x000001671ce971a8]
Event: 5.725 Thread 0x0000016730f79450   70       3       java.io.WinNTFileSystem::isSlash (18 bytes)
Event: 5.726 Thread 0x0000016730f79450 nmethod 70 0x000001671ce97410 code [0x000001671ce975a0, 0x000001671ce97738]

GC Heap History (0 events):
No events

Dll operation events (1 events):
Event: 0.749 Loaded shared library C:\Program Files\JetBrains\PyCharm 2023.3.4\jbr\bin\java.dll

Deoptimization events (0 events):
No events

Classes unloaded (0 events):
No events

Classes redefined (0 events):
No events

Internal exceptions (0 events):
No events

VM Operations (0 events):
No events

Events (20 events):
Event: 5.734 loading class sun/nio/fs/AbstractFileSystemProvider done
Event: 5.734 loading class sun/nio/fs/WindowsFileSystemProvider done
Event: 5.735 loading class java/nio/file/StandardOpenOption
Event: 5.736 loading class java/nio/file/OpenOption
Event: 5.736 loading class java/nio/file/OpenOption done
Event: 5.736 loading class java/nio/file/StandardOpenOption done
Event: 5.736 loading class sun/nio/fs/WindowsFileSystem
Event: 5.737 loading class java/nio/file/FileSystem
Event: 5.738 loading class java/nio/file/FileSystem done
Event: 5.738 loading class sun/nio/fs/WindowsFileSystem done
Event: 5.738 loading class java/util/Arrays$ArrayList
Event: 5.739 loading class java/util/Arrays$ArrayList done
Event: 5.739 loading class java/util/Arrays$ArrayItr
Event: 5.739 loading class java/util/Arrays$ArrayItr done
Event: 5.740 loading class java/util/Collections$UnmodifiableSet
Event: 5.740 loading class java/util/Collections$UnmodifiableCollection
Event: 5.740 loading class java/util/Collections$UnmodifiableCollection done
Event: 5.740 loading class java/util/Collections$UnmodifiableSet done
Event: 5.740 loading class sun/nio/fs/WindowsPathParser
Event: 5.741 loading class sun/nio/fs/WindowsPathParser done


Dynamic libraries:
0x00007ff74ba90000 - 0x00007ff74ba9a000 	C:\Program Files\JetBrains\PyCharm 2023.3.4\jbr\bin\java.exe
0x00007fff89b30000 - 0x00007fff89d44000 	C:\windows\SYSTEM32\ntdll.dll
0x00007fff890d0000 - 0x00007fff89194000 	C:\windows\System32\KERNEL32.DLL
0x00007fff86ee0000 - 0x00007fff87284000 	C:\windows\System32\KERNELBASE.dll
0x00007fff877a0000 - 0x00007fff878b1000 	C:\windows\System32\ucrtbase.dll
0x00007fff720c0000 - 0x00007fff720d7000 	C:\Program Files\JetBrains\PyCharm 2023.3.4\jbr\bin\jli.dll
0x00007fff88b00000 - 0x00007fff88cae000 	C:\windows\System32\USER32.dll
0x00007fff873b0000 - 0x00007fff873d6000 	C:\windows\System32\win32u.dll
0x00007fff899c0000 - 0x00007fff899e9000 	C:\windows\System32\GDI32.dll
0x00007fff873e0000 - 0x00007fff874f8000 	C:\windows\System32\gdi32full.dll
0x00007fff87290000 - 0x00007fff8732a000 	C:\windows\System32\msvcp_win.dll
0x00007fff6ba30000 - 0x00007fff6bcc3000 	C:\windows\WinSxS\amd64_microsoft.windows.common-controls_6595b64144ccf1df_6.0.22621.2215_none_270d72677387dfc3\COMCTL32.dll
0x00007fff892d0000 - 0x00007fff89377000 	C:\windows\System32\msvcrt.dll
0x00007fff5e690000 - 0x00007fff5e6ab000 	C:\Program Files\JetBrains\PyCharm 2023.3.4\jbr\bin\VCRUNTIME140.dll
0x00007fff89500000 - 0x00007fff89531000 	C:\windows\System32\IMM32.DLL
0x00007fff6fd60000 - 0x00007fff6fd6c000 	C:\Program Files\JetBrains\PyCharm 2023.3.4\jbr\bin\vcruntime140_1.dll
0x00007fff40d20000 - 0x00007fff40dad000 	C:\Program Files\JetBrains\PyCharm 2023.3.4\jbr\bin\msvcp140.dll
0x00007fff0a220000 - 0x00007fff0aea3000 	C:\Program Files\JetBrains\PyCharm 2023.3.4\jbr\bin\server\jvm.dll
0x00007fff899f0000 - 0x00007fff89aa0000 	C:\windows\System32\ADVAPI32.dll
0x00007fff89380000 - 0x00007fff89426000 	C:\windows\System32\sechost.dll
0x00007fff882b0000 - 0x00007fff883c7000 	C:\windows\System32\RPCRT4.dll
0x00007fff86db0000 - 0x00007fff86dfd000 	C:\windows\SYSTEM32\POWRPROF.dll
0x00007fff7d6a0000 - 0x00007fff7d6d4000 	C:\windows\SYSTEM32\WINMM.dll
0x00007fff7c3b0000 - 0x00007fff7c3ba000 	C:\windows\SYSTEM32\VERSION.dll
0x00007fff80740000 - 0x00007fff80749000 	C:\windows\SYSTEM32\WSOCK32.dll
0x00007fff88cb0000 - 0x00007fff88d21000 	C:\windows\System32\WS2_32.dll
0x00007fff86d90000 - 0x00007fff86da3000 	C:\windows\SYSTEM32\UMPDC.dll
0x00007fff85f30000 - 0x00007fff85f48000 	C:\windows\SYSTEM32\kernel.appcore.dll
0x00007fff77c20000 - 0x00007fff77c2a000 	C:\Program Files\JetBrains\PyCharm 2023.3.4\jbr\bin\jimage.dll
0x00007fff84b50000 - 0x00007fff84d7e000 	C:\windows\SYSTEM32\DBGHELP.DLL
0x00007fff88d40000 - 0x00007fff890ca000 	C:\windows\System32\combase.dll
0x00007fff88a00000 - 0x00007fff88ad7000 	C:\windows\System32\OLEAUT32.dll
0x00007fff6ec40000 - 0x00007fff6ec72000 	C:\windows\SYSTEM32\dbgcore.DLL
0x00007fff87330000 - 0x00007fff873aa000 	C:\windows\System32\bcryptPrimitives.dll
0x00007fff77bf0000 - 0x00007fff77c15000 	C:\Program Files\JetBrains\PyCharm 2023.3.4\jbr\bin\java.dll
0x00007fff77bd0000 - 0x00007fff77be8000 	C:\Program Files\JetBrains\PyCharm 2023.3.4\jbr\bin\zip.dll
0x00007fff87a80000 - 0x00007fff882a3000 	C:\windows\System32\SHELL32.dll
0x00007fff84d80000 - 0x00007fff8566a000 	C:\windows\SYSTEM32\windows.storage.dll
0x00007fff84a10000 - 0x00007fff84b4e000 	C:\windows\SYSTEM32\wintypes.dll
0x00007fff88900000 - 0x00007fff889f3000 	C:\windows\System32\SHCORE.dll
0x00007fff891a0000 - 0x00007fff891fe000 	C:\windows\System32\shlwapi.dll
0x00007fff86e10000 - 0x00007fff86e36000 	C:\windows\SYSTEM32\profapi.dll

dbghelp: loaded successfully - version: 4.0.5 - missing functions: none
symbol engine: initialized successfully - sym options: 0x614 - pdb path: .;C:\Program Files\JetBrains\PyCharm 2023.3.4\jbr\bin;C:\windows\SYSTEM32;C:\windows\WinSxS\amd64_microsoft.windows.common-controls_6595b64144ccf1df_6.0.22621.2215_none_270d72677387dfc3;C:\Program Files\JetBrains\PyCharm 2023.3.4\jbr\bin\server

VM Arguments:
java_command: git4idea.http.GitAskPassApp Username for 'https://github.com': 
java_class_path (initial): C:/Program Files/JetBrains/PyCharm 2023.3.4/plugins/vcs-git/lib/git4idea-rt.jar;C:/Program Files/JetBrains/PyCharm 2023.3.4/lib/externalProcess-rt.jar
Launcher Type: SUN_STANDARD

[Global flags]
     intx CICompilerCount                          = 3                                         {product} {ergonomic}
     uint ConcGCThreads                            = 1                                         {product} {ergonomic}
     uint G1ConcRefinementThreads                  = 4                                         {product} {ergonomic}
   size_t G1HeapRegionSize                         = 1048576                                   {product} {ergonomic}
    uintx GCDrainStackTargetSize                   = 64                                        {product} {ergonomic}
   size_t InitialHeapSize                          = 65011712                                  {product} {ergonomic}
   size_t MarkStackSize                            = 4194304                                   {product} {ergonomic}
   size_t MaxHeapSize                              = 1025507328                                {product} {ergonomic}
   size_t MaxNewSize                               = 614465536                                 {product} {ergonomic}
   size_t MinHeapDeltaBytes                        = 1048576                                   {product} {ergonomic}
   size_t MinHeapSize                              = 8388608                                   {product} {ergonomic}
    uintx NonNMethodCodeHeapSize                   = 5832780                                {pd product} {ergonomic}
    uintx NonProfiledCodeHeapSize                  = 122912730                              {pd product} {ergonomic}
    uintx ProfiledCodeHeapSize                     = 122912730                              {pd product} {ergonomic}
    uintx ReservedCodeCacheSize                    = 251658240                              {pd product} {ergonomic}
     bool SegmentedCodeCache                       = true                                      {product} {ergonomic}
   size_t SoftMaxHeapSize                          = 1025507328                             {manageable} {ergonomic}
     bool UseCompressedClassPointers               = true                           {product lp64_product} {ergonomic}
     bool UseCompressedOops                        = true                           {product lp64_product} {ergonomic}
     bool UseG1GC                                  = true                                      {product} {ergonomic}
     bool UseLargePagesIndividualAllocation        = false                                  {pd product} {ergonomic}

Logging:
Log output configuration:
 #0: stdout all=warning uptime,level,tags
 #1: stderr all=off uptime,level,tags

Environment Variables:
PATH=C:/Program Files/Git/mingw64/libexec/git-core;C:/Program Files/Git/mingw64/libexec/git-core;C:\Program Files\Git\mingw64\bin;C:\Program Files\Git\usr\bin;C:\Users\tolua\bin;C:\Users\tolua\Downloads\SrtFlaskWebsite\venv\Scripts;C:\Program Files\Python1\Scripts\;C:\Program Files\Python1\;C:\windows\system32;C:\windows;C:\windows\System32\Wbem;C:\windows\System32\WindowsPowerShell\v1.0\;C:\windows\System32\OpenSSH\;C:\Program Files\nodejs\;C:\Program Files\Git\cmd;C:\Users\tolua\AppData\Local\Programs\Python\Launcher\;C:\Users\tolua\AppData\Local\Microsoft\WindowsApps;C:\Users\tolua\AppData\Roaming\npm;C:\Users\tolua\AppData\Local\GitHubDesktop\bin
USERNAME=tolua
DISPLAY=:0.0
LC_ALL=en_US.UTF-8
TERM=xterm-256color
TMPDIR=C:\Users\tolua\AppData\Local\Temp
OS=Windows_NT
PROCESSOR_IDENTIFIER=Intel64 Family 6 Model 122 Stepping 8, GenuineIntel
TMP=C:\Users\tolua\AppData\Local\Temp
TEMP=C:\Users\tolua\AppData\Local\Temp



Periodic native trim disabled

JNI global refs:
JNI global refs: 4, weak refs: 0

JNI global refs memory usage: 843, weak refs: 209

OOME stack traces (most recent first):
Classloader memory used:
Loader bootstrap                                                                       : 514K


---------------  S Y S T E M  ---------------

OS:
 Windows 11 , 64 bit Build 22621 (10.0.22621.2215)
OS uptime: 1 days 17:16 hours

CPU: total 4 (initial active 4) (4 cores per cpu, 1 threads per core) family 6 model 122 stepping 8 microcode 0x22, cx8, cmov, fxsr, mmx, 3dnowpref, sse, sse2, sse3, ssse3, sse4.1, sse4.2, popcnt, tsc, tscinvbit, aes, erms, clmul, sha, clflush, clflushopt
Processor Information for all 4 processors :
  Max Mhz: 1101, Current Mhz: 1101, Mhz Limit: 1101

Memory: 4k page, system-wide physical 3911M (256M free)
TotalPageFile size 11258M (AvailPageFile size 34M)
current process WorkingSet (physical memory assigned to process): 27M, peak: 27M
current process commit charge ("private bytes"): 125M, peak: 126M

vm_info: OpenJDK 64-Bit Server VM (17.0.10+1-b1087.17) for windows-amd64 JRE (17.0.10+1-b1087.17), built on 2024-01-19 by "builduser" with MS VC++ 16.10 / 16.11 (VS2019)

END.
